2019.10.14 at 13:09:26 CST INFO  com.jlt.util.DriverUtil 38 <clinit> - 获取系统属性integritytech.test.browser，值为chrome
2019.10.14 at 13:09:26 CST INFO  com.jlt.util.DriverUtil 44 <clinit> - 获取配置文件中driver所在路径和文件名，值为D:\chromedriver_2.33_win32\chromedriver.exe
2019.10.14 at 13:09:26 CST INFO  com.jlt.util.DriverUtil 63 <clinit> - driver服务已启动......
2019.10.14 at 13:09:54 CST INFO  com.jlt.util.DriverUtil 38 <clinit> - 获取系统属性integritytech.test.browser，值为chrome
2019.10.14 at 13:09:54 CST INFO  com.jlt.util.DriverUtil 44 <clinit> - 获取配置文件中driver所在路径和文件名，值为D:\chromedriver_2.33_win32\chromedriver.exe
2019.10.14 at 13:09:55 CST INFO  com.jlt.util.DriverUtil 63 <clinit> - driver服务已启动......
2019.10.14 at 13:28:17 CST INFO  com.jlt.util.DriverUtil 38 <clinit> - 获取系统属性integritytech.test.browser，值为chrome
2019.10.14 at 13:28:17 CST INFO  com.jlt.util.DriverUtil 44 <clinit> - 获取配置文件中driver所在路径和文件名，值为D:\chromedriver_2.33_win32\chromedriver.exe
2019.10.14 at 13:28:18 CST INFO  com.jlt.util.DriverUtil 63 <clinit> - driver服务已启动......
2019.10.14 at 13:30:06 CST INFO  com.jlt.util.DriverUtil 38 <clinit> - 获取系统属性integritytech.test.browser，值为chrome
2019.10.14 at 13:30:06 CST INFO  com.jlt.util.DriverUtil 44 <clinit> - 获取配置文件中driver所在路径和文件名，值为D:\chromedriver_2.33_win32\chromedriver.exe
2019.10.14 at 13:30:06 CST INFO  com.jlt.util.DriverUtil 63 <clinit> - driver服务已启动......
2019.10.14 at 13:32:38 CST INFO  com.jlt.util.DriverUtil 38 <clinit> - 获取系统属性integritytech.test.browser，值为chrome
2019.10.14 at 13:32:38 CST INFO  com.jlt.util.DriverUtil 44 <clinit> - 获取配置文件中driver所在路径和文件名，值为D:\chromedriver_2.33_win32\chromedriver.exe
2019.10.14 at 13:32:39 CST INFO  com.jlt.util.DriverUtil 63 <clinit> - driver服务已启动......
2019.10.14 at 13:33:36 CST INFO  com.jlt.util.DriverUtil 38 <clinit> - 获取系统属性integritytech.test.browser，值为chrome
2019.10.14 at 13:33:36 CST INFO  com.jlt.util.DriverUtil 44 <clinit> - 获取配置文件中driver所在路径和文件名，值为D:\chromedriver_2.33_win32\chromedriver.exe
2019.10.14 at 13:33:37 CST INFO  com.jlt.util.DriverUtil 63 <clinit> - driver服务已启动......
2019.10.14 at 13:34:24 CST INFO  com.jlt.util.DriverUtil 38 <clinit> - 获取系统属性integritytech.test.browser，值为chrome
2019.10.14 at 13:34:24 CST INFO  com.jlt.util.DriverUtil 44 <clinit> - 获取配置文件中driver所在路径和文件名，值为D:\chromedriver_2.33_win32\chromedriver.exe
2019.10.14 at 13:34:24 CST INFO  com.jlt.util.DriverUtil 63 <clinit> - driver服务已启动......
2019.10.14 at 13:35:25 CST INFO  com.jlt.util.DriverUtil 38 <clinit> - 获取系统属性integritytech.test.browser，值为chrome
2019.10.14 at 13:35:25 CST INFO  com.jlt.util.DriverUtil 44 <clinit> - 获取配置文件中driver所在路径和文件名，值为D:\chromedriver_2.33_win32\chromedriver.exe
2019.10.14 at 13:35:26 CST INFO  com.jlt.util.DriverUtil 63 <clinit> - driver服务已启动......
2019.10.14 at 13:36:48 CST INFO  com.jlt.util.DriverUtil 38 <clinit> - 获取系统属性integritytech.test.browser，值为chrome
2019.10.14 at 13:36:48 CST INFO  com.jlt.util.DriverUtil 44 <clinit> - 获取配置文件中driver所在路径和文件名，值为D:\chromedriver_2.33_win32\chromedriver.exe
2019.10.14 at 13:36:49 CST INFO  com.jlt.util.DriverUtil 63 <clinit> - driver服务已启动......
2019.10.14 at 13:37:32 CST INFO  com.jlt.util.DriverUtil 38 <clinit> - 获取系统属性integritytech.test.browser，值为chrome
2019.10.14 at 13:37:32 CST INFO  com.jlt.util.DriverUtil 44 <clinit> - 获取配置文件中driver所在路径和文件名，值为D:\chromedriver_2.33_win32\chromedriver.exe
2019.10.14 at 13:37:32 CST INFO  com.jlt.util.DriverUtil 63 <clinit> - driver服务已启动......
2019.10.14 at 13:39:26 CST INFO  com.jlt.util.DriverUtil 38 <clinit> - 获取系统属性integritytech.test.browser，值为chrome
2019.10.14 at 13:39:26 CST INFO  com.jlt.util.DriverUtil 44 <clinit> - 获取配置文件中driver所在路径和文件名，值为D:\chromedriver_2.33_win32\chromedriver.exe
2019.10.14 at 13:39:27 CST INFO  com.jlt.util.DriverUtil 63 <clinit> - driver服务已启动......
2019.10.14 at 13:41:02 CST INFO  com.jlt.util.DriverUtil 38 <clinit> - 获取系统属性integritytech.test.browser，值为chrome
2019.10.14 at 13:41:02 CST INFO  com.jlt.util.DriverUtil 44 <clinit> - 获取配置文件中driver所在路径和文件名，值为D:\chromedriver_2.33_win32\chromedriver.exe
2019.10.14 at 13:41:02 CST INFO  com.jlt.util.DriverUtil 63 <clinit> - driver服务已启动......
2019.10.14 at 13:42:33 CST INFO  com.jlt.util.DriverUtil 38 <clinit> - 获取系统属性integritytech.test.browser，值为chrome
2019.10.14 at 13:42:33 CST INFO  com.jlt.util.DriverUtil 44 <clinit> - 获取配置文件中driver所在路径和文件名，值为D:\chromedriver_2.33_win32\chromedriver.exe
2019.10.14 at 13:42:33 CST INFO  com.jlt.util.DriverUtil 63 <clinit> - driver服务已启动......
2019.10.14 at 13:44:50 CST INFO  com.jlt.util.DriverUtil 38 <clinit> - 获取系统属性integritytech.test.browser，值为chrome
2019.10.14 at 13:44:50 CST INFO  com.jlt.util.DriverUtil 44 <clinit> - 获取配置文件中driver所在路径和文件名，值为D:\chromedriver_2.33_win32\chromedriver.exe
2019.10.14 at 13:44:50 CST INFO  com.jlt.util.DriverUtil 63 <clinit> - driver服务已启动......
2019.10.14 at 13:46:37 CST INFO  com.jlt.util.DriverUtil 38 <clinit> - 获取系统属性integritytech.test.browser，值为chrome
2019.10.14 at 13:46:37 CST INFO  com.jlt.util.DriverUtil 44 <clinit> - 获取配置文件中driver所在路径和文件名，值为D:\chromedriver_2.33_win32\chromedriver.exe
2019.10.14 at 13:46:38 CST INFO  com.jlt.util.DriverUtil 63 <clinit> - driver服务已启动......
2019.10.14 at 13:47:29 CST INFO  com.jlt.util.DriverUtil 38 <clinit> - 获取系统属性integritytech.test.browser，值为chrome
2019.10.14 at 13:47:29 CST INFO  com.jlt.util.DriverUtil 44 <clinit> - 获取配置文件中driver所在路径和文件名，值为D:\chromedriver_2.33_win32\chromedriver.exe
2019.10.14 at 13:47:30 CST INFO  com.jlt.util.DriverUtil 63 <clinit> - driver服务已启动......
2019.10.14 at 13:50:50 CST INFO  com.jlt.util.DriverUtil 38 <clinit> - 获取系统属性integritytech.test.browser，值为chrome
2019.10.14 at 13:50:50 CST INFO  com.jlt.util.DriverUtil 44 <clinit> - 获取配置文件中driver所在路径和文件名，值为D:\chromedriver_2.33_win32\chromedriver.exe
2019.10.14 at 13:50:50 CST INFO  com.jlt.util.DriverUtil 63 <clinit> - driver服务已启动......
2019.10.14 at 13:52:07 CST INFO  com.jlt.util.DriverUtil 38 <clinit> - 获取系统属性integritytech.test.browser，值为chrome
2019.10.14 at 13:52:07 CST INFO  com.jlt.util.DriverUtil 44 <clinit> - 获取配置文件中driver所在路径和文件名，值为D:\chromedriver_2.33_win32\chromedriver.exe
2019.10.14 at 13:52:07 CST INFO  com.jlt.util.DriverUtil 63 <clinit> - driver服务已启动......
2019.10.14 at 13:54:48 CST INFO  com.jlt.util.DriverUtil 38 <clinit> - 获取系统属性integritytech.test.browser，值为chrome
2019.10.14 at 13:54:48 CST INFO  com.jlt.util.DriverUtil 44 <clinit> - 获取配置文件中driver所在路径和文件名，值为D:\chromedriver_2.33_win32\chromedriver.exe
2019.10.14 at 13:54:48 CST INFO  com.jlt.util.DriverUtil 63 <clinit> - driver服务已启动......
2019.10.14 at 13:59:37 CST INFO  com.jlt.util.DriverUtil 38 <clinit> - 获取系统属性integritytech.test.browser，值为chrome
2019.10.14 at 13:59:37 CST INFO  com.jlt.util.DriverUtil 44 <clinit> - 获取配置文件中driver所在路径和文件名，值为D:\chromedriver_2.33_win32\chromedriver.exe
2019.10.14 at 13:59:38 CST INFO  com.jlt.util.DriverUtil 63 <clinit> - driver服务已启动......
2019.10.14 at 14:01:38 CST INFO  com.jlt.util.DriverUtil 38 <clinit> - 获取系统属性integritytech.test.browser，值为chrome
2019.10.14 at 14:01:38 CST INFO  com.jlt.util.DriverUtil 44 <clinit> - 获取配置文件中driver所在路径和文件名，值为D:\chromedriver_2.33_win32\chromedriver.exe
2019.10.14 at 14:01:38 CST INFO  com.jlt.util.DriverUtil 63 <clinit> - driver服务已启动......
2019.10.14 at 14:11:40 CST INFO  com.jlt.util.DriverUtil 38 <clinit> - 获取系统属性integritytech.test.browser，值为chrome
2019.10.14 at 14:11:40 CST INFO  com.jlt.util.DriverUtil 44 <clinit> - 获取配置文件中driver所在路径和文件名，值为D:\chromedriver_2.33_win32\chromedriver.exe
2019.10.14 at 14:11:41 CST INFO  com.jlt.util.DriverUtil 63 <clinit> - driver服务已启动......
2019.10.14 at 14:12:53 CST INFO  com.jlt.util.DriverUtil 38 <clinit> - 获取系统属性integritytech.test.browser，值为chrome
2019.10.14 at 14:12:53 CST INFO  com.jlt.util.DriverUtil 44 <clinit> - 获取配置文件中driver所在路径和文件名，值为D:\chromedriver_2.33_win32\chromedriver.exe
2019.10.14 at 14:12:53 CST INFO  com.jlt.util.DriverUtil 63 <clinit> - driver服务已启动......
2019.10.14 at 14:20:36 CST INFO  com.jlt.util.DriverUtil 38 <clinit> - 获取系统属性integritytech.test.browser，值为chrome
2019.10.14 at 14:20:36 CST INFO  com.jlt.util.DriverUtil 44 <clinit> - 获取配置文件中driver所在路径和文件名，值为D:\chromedriver_2.33_win32\chromedriver.exe
2019.10.14 at 14:20:36 CST INFO  com.jlt.util.DriverUtil 63 <clinit> - driver服务已启动......
2019.10.14 at 15:19:19 CST INFO  com.jlt.util.DriverUtil 38 <clinit> - 获取系统属性integritytech.test.browser，值为chrome
2019.10.14 at 15:19:19 CST INFO  com.jlt.util.DriverUtil 44 <clinit> - 获取配置文件中driver所在路径和文件名，值为D:\chromedriver_2.33_win32\chromedriver.exe
2019.10.14 at 15:19:20 CST INFO  com.jlt.util.DriverUtil 63 <clinit> - driver服务已启动......
2019.10.14 at 15:33:34 CST INFO  com.jlt.util.DriverUtil 38 <clinit> - 获取系统属性integritytech.test.browser，值为chrome
2019.10.14 at 15:33:34 CST INFO  com.jlt.util.DriverUtil 44 <clinit> - 获取配置文件中driver所在路径和文件名，值为D:\chromedriver_2.33_win32\chromedriver.exe
2019.10.14 at 15:33:35 CST INFO  com.jlt.util.DriverUtil 63 <clinit> - driver服务已启动......
2019.10.14 at 15:34:30 CST INFO  com.jlt.util.DriverUtil 38 <clinit> - 获取系统属性integritytech.test.browser，值为chrome
2019.10.14 at 15:34:30 CST INFO  com.jlt.util.DriverUtil 44 <clinit> - 获取配置文件中driver所在路径和文件名，值为D:\chromedriver_2.33_win32\chromedriver.exe
2019.10.14 at 15:34:30 CST INFO  com.jlt.util.DriverUtil 63 <clinit> - driver服务已启动......
2019.10.14 at 15:41:30 CST INFO  com.jlt.util.DriverUtil 38 <clinit> - 获取系统属性integritytech.test.browser，值为chrome
2019.10.14 at 15:41:30 CST INFO  com.jlt.util.DriverUtil 44 <clinit> - 获取配置文件中driver所在路径和文件名，值为D:\chromedriver_2.33_win32\chromedriver.exe
2019.10.14 at 15:41:30 CST INFO  com.jlt.util.DriverUtil 63 <clinit> - driver服务已启动......
2019.10.14 at 15:43:44 CST INFO  com.jlt.util.DriverUtil 38 <clinit> - 获取系统属性integritytech.test.browser，值为chrome
2019.10.14 at 15:43:44 CST INFO  com.jlt.util.DriverUtil 44 <clinit> - 获取配置文件中driver所在路径和文件名，值为D:\chromedriver_2.33_win32\chromedriver.exe
2019.10.14 at 15:43:45 CST INFO  com.jlt.util.DriverUtil 63 <clinit> - driver服务已启动......
2019.10.14 at 16:11:56 CST INFO  com.jlt.util.DriverUtil 38 <clinit> - 获取系统属性integritytech.test.browser，值为chrome
2019.10.14 at 16:11:56 CST INFO  com.jlt.util.DriverUtil 44 <clinit> - 获取配置文件中driver所在路径和文件名，值为D:\chromedriver_2.33_win32\chromedriver.exe
2019.10.14 at 16:11:57 CST INFO  com.jlt.util.DriverUtil 63 <clinit> - driver服务已启动......
2019.10.14 at 16:14:21 CST INFO  com.jlt.util.DriverUtil 38 <clinit> - 获取系统属性integritytech.test.browser，值为chrome
2019.10.14 at 16:14:21 CST INFO  com.jlt.util.DriverUtil 44 <clinit> - 获取配置文件中driver所在路径和文件名，值为D:\chromedriver_2.33_win32\chromedriver.exe
2019.10.14 at 16:14:22 CST INFO  com.jlt.util.DriverUtil 63 <clinit> - driver服务已启动......
2019.10.14 at 16:18:32 CST INFO  com.jlt.util.DriverUtil 38 <clinit> - 获取系统属性integritytech.test.browser，值为chrome
2019.10.14 at 16:18:32 CST INFO  com.jlt.util.DriverUtil 44 <clinit> - 获取配置文件中driver所在路径和文件名，值为D:\chromedriver_2.33_win32\chromedriver.exe
2019.10.14 at 16:18:32 CST INFO  com.jlt.util.DriverUtil 63 <clinit> - driver服务已启动......
2019.10.14 at 16:23:34 CST INFO  com.jlt.util.DriverUtil 38 <clinit> - 获取系统属性integritytech.test.browser，值为chrome
2019.10.14 at 16:23:34 CST INFO  com.jlt.util.DriverUtil 44 <clinit> - 获取配置文件中driver所在路径和文件名，值为D:\chromedriver_2.33_win32\chromedriver.exe
2019.10.14 at 16:23:34 CST INFO  com.jlt.util.DriverUtil 63 <clinit> - driver服务已启动......
2019.10.14 at 16:26:41 CST INFO  com.jlt.util.DriverUtil 38 <clinit> - 获取系统属性integritytech.test.browser，值为chrome
2019.10.14 at 16:26:41 CST INFO  com.jlt.util.DriverUtil 44 <clinit> - 获取配置文件中driver所在路径和文件名，值为D:\chromedriver_2.33_win32\chromedriver.exe
2019.10.14 at 16:26:41 CST INFO  com.jlt.util.DriverUtil 63 <clinit> - driver服务已启动......
2019.10.14 at 16:27:34 CST INFO  com.jlt.util.DriverUtil 38 <clinit> - 获取系统属性integritytech.test.browser，值为chrome
2019.10.14 at 16:27:34 CST INFO  com.jlt.util.DriverUtil 44 <clinit> - 获取配置文件中driver所在路径和文件名，值为D:\chromedriver_2.33_win32\chromedriver.exe
2019.10.14 at 16:27:34 CST INFO  com.jlt.util.DriverUtil 63 <clinit> - driver服务已启动......
2019.10.14 at 16:32:23 CST INFO  com.jlt.util.DriverUtil 38 <clinit> - 获取系统属性integritytech.test.browser，值为chrome
2019.10.14 at 16:32:23 CST INFO  com.jlt.util.DriverUtil 44 <clinit> - 获取配置文件中driver所在路径和文件名，值为D:\chromedriver_2.33_win32\chromedriver.exe
2019.10.14 at 16:32:24 CST INFO  com.jlt.util.DriverUtil 63 <clinit> - driver服务已启动......
2019.10.14 at 16:35:06 CST INFO  com.jlt.util.DriverUtil 38 <clinit> - 获取系统属性integritytech.test.browser，值为chrome
2019.10.14 at 16:35:06 CST INFO  com.jlt.util.DriverUtil 44 <clinit> - 获取配置文件中driver所在路径和文件名，值为D:\chromedriver_2.33_win32\chromedriver.exe
2019.10.14 at 16:35:06 CST INFO  com.jlt.util.DriverUtil 63 <clinit> - driver服务已启动......
2019.10.14 at 16:35:23 CST INFO  com.jlt.util.DriverUtil 38 <clinit> - 获取系统属性integritytech.test.browser，值为chrome
2019.10.14 at 16:35:23 CST INFO  com.jlt.util.DriverUtil 44 <clinit> - 获取配置文件中driver所在路径和文件名，值为D:\chromedriver_2.33_win32\chromedriver.exe
2019.10.14 at 16:35:23 CST INFO  com.jlt.util.DriverUtil 63 <clinit> - driver服务已启动......
2019.10.14 at 16:44:04 CST INFO  com.jlt.util.DriverUtil 38 <clinit> - 获取系统属性integritytech.test.browser，值为chrome
2019.10.14 at 16:44:04 CST INFO  com.jlt.util.DriverUtil 44 <clinit> - 获取配置文件中driver所在路径和文件名，值为D:\chromedriver_2.33_win32\chromedriver.exe
2019.10.14 at 16:44:04 CST INFO  com.jlt.util.DriverUtil 63 <clinit> - driver服务已启动......
2019.10.14 at 16:45:38 CST INFO  com.jlt.util.DriverUtil 38 <clinit> - 获取系统属性integritytech.test.browser，值为chrome
2019.10.14 at 16:45:38 CST INFO  com.jlt.util.DriverUtil 44 <clinit> - 获取配置文件中driver所在路径和文件名，值为D:\chromedriver_2.33_win32\chromedriver.exe
2019.10.14 at 16:45:39 CST INFO  com.jlt.util.DriverUtil 63 <clinit> - driver服务已启动......
2019.10.14 at 16:46:26 CST INFO  com.jlt.util.DriverUtil 38 <clinit> - 获取系统属性integritytech.test.browser，值为chrome
2019.10.14 at 16:46:26 CST INFO  com.jlt.util.DriverUtil 44 <clinit> - 获取配置文件中driver所在路径和文件名，值为D:\chromedriver_2.33_win32\chromedriver.exe
2019.10.14 at 16:46:27 CST INFO  com.jlt.util.DriverUtil 63 <clinit> - driver服务已启动......
2019.10.14 at 16:47:57 CST INFO  com.jlt.util.DriverUtil 38 <clinit> - 获取系统属性integritytech.test.browser，值为chrome
2019.10.14 at 16:47:57 CST INFO  com.jlt.util.DriverUtil 44 <clinit> - 获取配置文件中driver所在路径和文件名，值为D:\chromedriver_2.33_win32\chromedriver.exe
2019.10.14 at 16:47:57 CST INFO  com.jlt.util.DriverUtil 63 <clinit> - driver服务已启动......
2019.10.14 at 16:50:39 CST INFO  com.jlt.util.DriverUtil 38 <clinit> - 获取系统属性integritytech.test.browser，值为chrome
2019.10.14 at 16:50:39 CST INFO  com.jlt.util.DriverUtil 44 <clinit> - 获取配置文件中driver所在路径和文件名，值为D:\chromedriver_2.33_win32\chromedriver.exe
2019.10.14 at 16:50:39 CST INFO  com.jlt.util.DriverUtil 63 <clinit> - driver服务已启动......
2019.10.14 at 16:51:05 CST INFO  com.jlt.util.DriverUtil 38 <clinit> - 获取系统属性integritytech.test.browser，值为chrome
2019.10.14 at 16:51:05 CST INFO  com.jlt.util.DriverUtil 44 <clinit> - 获取配置文件中driver所在路径和文件名，值为D:\chromedriver_2.33_win32\chromedriver.exe
2019.10.14 at 16:51:05 CST INFO  com.jlt.util.DriverUtil 63 <clinit> - driver服务已启动......
2019.10.14 at 16:53:33 CST INFO  com.jlt.util.DriverUtil 38 <clinit> - 获取系统属性integritytech.test.browser，值为chrome
2019.10.14 at 16:53:33 CST INFO  com.jlt.util.DriverUtil 44 <clinit> - 获取配置文件中driver所在路径和文件名，值为D:\chromedriver_2.33_win32\chromedriver.exe
2019.10.14 at 16:53:34 CST INFO  com.jlt.util.DriverUtil 63 <clinit> - driver服务已启动......
2019.10.14 at 16:54:09 CST INFO  com.jlt.util.DriverUtil 38 <clinit> - 获取系统属性integritytech.test.browser，值为chrome
2019.10.14 at 16:54:09 CST INFO  com.jlt.util.DriverUtil 44 <clinit> - 获取配置文件中driver所在路径和文件名，值为D:\chromedriver_2.33_win32\chromedriver.exe
2019.10.14 at 16:54:09 CST INFO  com.jlt.util.DriverUtil 63 <clinit> - driver服务已启动......
2019.10.14 at 16:57:13 CST INFO  com.jlt.util.DriverUtil 38 <clinit> - 获取系统属性integritytech.test.browser，值为chrome
2019.10.14 at 16:57:13 CST INFO  com.jlt.util.DriverUtil 44 <clinit> - 获取配置文件中driver所在路径和文件名，值为D:\chromedriver_2.33_win32\chromedriver.exe
2019.10.14 at 16:57:14 CST INFO  com.jlt.util.DriverUtil 63 <clinit> - driver服务已启动......
2019.10.14 at 16:58:34 CST INFO  com.jlt.util.DriverUtil 38 <clinit> - 获取系统属性integritytech.test.browser，值为chrome
2019.10.14 at 16:58:34 CST INFO  com.jlt.util.DriverUtil 44 <clinit> - 获取配置文件中driver所在路径和文件名，值为D:\chromedriver_2.33_win32\chromedriver.exe
2019.10.14 at 16:58:35 CST INFO  com.jlt.util.DriverUtil 63 <clinit> - driver服务已启动......
2019.10.14 at 17:00:39 CST INFO  com.jlt.util.DriverUtil 38 <clinit> - 获取系统属性integritytech.test.browser，值为chrome
2019.10.14 at 17:00:39 CST INFO  com.jlt.util.DriverUtil 44 <clinit> - 获取配置文件中driver所在路径和文件名，值为D:\chromedriver_2.33_win32\chromedriver.exe
2019.10.14 at 17:00:40 CST INFO  com.jlt.util.DriverUtil 63 <clinit> - driver服务已启动......
2019.10.14 at 17:07:48 CST INFO  com.jlt.util.DriverUtil 38 <clinit> - 获取系统属性integritytech.test.browser，值为chrome
2019.10.14 at 17:07:48 CST INFO  com.jlt.util.DriverUtil 44 <clinit> - 获取配置文件中driver所在路径和文件名，值为D:\chromedriver_2.33_win32\chromedriver.exe
2019.10.14 at 17:07:48 CST INFO  com.jlt.util.DriverUtil 63 <clinit> - driver服务已启动......
2019.10.14 at 17:08:32 CST INFO  com.jlt.util.DriverUtil 38 <clinit> - 获取系统属性integritytech.test.browser，值为chrome
2019.10.14 at 17:08:32 CST INFO  com.jlt.util.DriverUtil 44 <clinit> - 获取配置文件中driver所在路径和文件名，值为D:\chromedriver_2.33_win32\chromedriver.exe
2019.10.14 at 17:08:33 CST INFO  com.jlt.util.DriverUtil 63 <clinit> - driver服务已启动......
2019.10.14 at 17:09:38 CST INFO  com.jlt.util.DriverUtil 38 <clinit> - 获取系统属性integritytech.test.browser，值为chrome
2019.10.14 at 17:09:38 CST INFO  com.jlt.util.DriverUtil 44 <clinit> - 获取配置文件中driver所在路径和文件名，值为D:\chromedriver_2.33_win32\chromedriver.exe
2019.10.14 at 17:09:39 CST INFO  com.jlt.util.DriverUtil 63 <clinit> - driver服务已启动......
2019.10.14 at 17:11:53 CST INFO  com.jlt.util.DriverUtil 38 <clinit> - 获取系统属性integritytech.test.browser，值为chrome
2019.10.14 at 17:11:53 CST INFO  com.jlt.util.DriverUtil 44 <clinit> - 获取配置文件中driver所在路径和文件名，值为D:\chromedriver_2.33_win32\chromedriver.exe
2019.10.14 at 17:11:53 CST INFO  com.jlt.util.DriverUtil 63 <clinit> - driver服务已启动......
2019.10.14 at 17:23:51 CST INFO  com.jlt.util.DriverUtil 38 <clinit> - 获取系统属性integritytech.test.browser，值为chrome
2019.10.14 at 17:23:51 CST INFO  com.jlt.util.DriverUtil 44 <clinit> - 获取配置文件中driver所在路径和文件名，值为D:\chromedriver_2.33_win32\chromedriver.exe
2019.10.14 at 17:23:52 CST INFO  com.jlt.util.DriverUtil 63 <clinit> - driver服务已启动......
2019.10.15 at 11:22:17 CST INFO  com.jlt.util.DriverUtil 38 <clinit> - 获取系统属性integritytech.test.browser，值为chrome
2019.10.15 at 11:22:18 CST INFO  com.jlt.util.DriverUtil 44 <clinit> - 获取配置文件中driver所在路径和文件名，值为D:\chromedriver_2.33_win32\chromedriver.exe
2019.10.15 at 11:22:18 CST INFO  com.jlt.util.DriverUtil 63 <clinit> - driver服务已启动......
2019.10.15 at 11:22:50 CST INFO  com.jlt.util.DriverUtil 38 <clinit> - 获取系统属性integritytech.test.browser，值为chrome
2019.10.15 at 11:22:50 CST INFO  com.jlt.util.DriverUtil 44 <clinit> - 获取配置文件中driver所在路径和文件名，值为D:\chromedriver_2.33_win32\chromedriver.exe
2019.10.15 at 11:22:51 CST INFO  com.jlt.util.DriverUtil 63 <clinit> - driver服务已启动......
2019.10.15 at 11:25:02 CST INFO  com.jlt.util.DriverUtil 38 <clinit> - 获取系统属性integritytech.test.browser，值为chrome
2019.10.15 at 11:25:02 CST INFO  com.jlt.util.DriverUtil 44 <clinit> - 获取配置文件中driver所在路径和文件名，值为D:\chromedriver_2.33_win32\chromedriver.exe
2019.10.15 at 11:25:03 CST INFO  com.jlt.util.DriverUtil 63 <clinit> - driver服务已启动......
2019.10.15 at 17:10:48 CST INFO  com.jlt.util.DriverUtil 38 <clinit> - 获取系统属性integritytech.test.browser，值为chrome
2019.10.15 at 17:10:48 CST INFO  com.jlt.util.DriverUtil 44 <clinit> - 获取配置文件中driver所在路径和文件名，值为D:\chromedriver_2.33_win32\chromedriver.exe
2019.10.15 at 17:10:49 CST INFO  com.jlt.util.DriverUtil 63 <clinit> - driver服务已启动......
2019.11.07 at 16:30:27 CST INFO  com.jlt.util.DriverUtil 40 <clinit> - 获取系统属性integritytech.test.browser，值为chrome
2019.11.07 at 16:30:27 CST INFO  com.jlt.util.DriverUtil 46 <clinit> - 获取配置文件中driver所在路径和文件名，值为D:\chromedriver_2.33_win32\chromedriver.exe
2019.11.07 at 16:30:28 CST INFO  com.jlt.util.DriverUtil 65 <clinit> - driver服务已启动......
2019.11.07 at 16:32:58 CST INFO  com.jlt.util.DriverUtil 40 <clinit> - 获取系统属性integritytech.test.browser，值为chrome
2019.11.07 at 16:32:58 CST INFO  com.jlt.util.DriverUtil 46 <clinit> - 获取配置文件中driver所在路径和文件名，值为D:\chromedriver_2.33_win32\chromedriver.exe
2019.11.07 at 16:32:58 CST INFO  com.jlt.util.DriverUtil 65 <clinit> - driver服务已启动......
2019.11.07 at 16:34:25 CST INFO  com.jlt.util.DriverUtil 40 <clinit> - 获取系统属性integritytech.test.browser，值为chrome
2019.11.07 at 16:34:25 CST INFO  com.jlt.util.DriverUtil 46 <clinit> - 获取配置文件中driver所在路径和文件名，值为D:\chromedriver_2.33_win32\chromedriver.exe
2019.11.07 at 16:34:26 CST INFO  com.jlt.util.DriverUtil 65 <clinit> - driver服务已启动......
2019.11.07 at 16:35:15 CST INFO  com.jlt.util.DriverUtil 40 <clinit> - 获取系统属性integritytech.test.browser，值为chrome
2019.11.07 at 16:35:15 CST INFO  com.jlt.util.DriverUtil 46 <clinit> - 获取配置文件中driver所在路径和文件名，值为D:\chromedriver_2.33_win32\chromedriver.exe
2019.11.07 at 16:35:15 CST INFO  com.jlt.util.DriverUtil 65 <clinit> - driver服务已启动......
2019.11.07 at 16:40:59 CST INFO  com.jlt.util.DriverUtil 40 <clinit> - 获取系统属性integritytech.test.browser，值为chrome
2019.11.07 at 16:40:59 CST INFO  com.jlt.util.DriverUtil 46 <clinit> - 获取配置文件中driver所在路径和文件名，值为D:\chromedriver_2.33_win32\chromedriver.exe
2019.11.07 at 16:41:00 CST INFO  com.jlt.util.DriverUtil 65 <clinit> - driver服务已启动......
2019.11.07 at 16:50:31 CST INFO  com.jlt.util.DriverUtil 40 <clinit> - 获取系统属性integritytech.test.browser，值为chrome
2019.11.07 at 16:50:31 CST INFO  com.jlt.util.DriverUtil 46 <clinit> - 获取配置文件中driver所在路径和文件名，值为D:\chromedriver_2.33_win32\chromedriver.exe
2019.11.07 at 16:50:31 CST INFO  com.jlt.util.DriverUtil 65 <clinit> - driver服务已启动......
2019.11.07 at 16:51:26 CST INFO  com.jlt.util.DriverUtil 40 <clinit> - 获取系统属性integritytech.test.browser，值为chrome
2019.11.07 at 16:51:26 CST INFO  com.jlt.util.DriverUtil 46 <clinit> - 获取配置文件中driver所在路径和文件名，值为D:\chromedriver_2.33_win32\chromedriver.exe
2019.11.07 at 16:51:26 CST INFO  com.jlt.util.DriverUtil 65 <clinit> - driver服务已启动......
2019.11.07 at 17:07:10 CST INFO  com.jlt.util.DriverUtil 40 <clinit> - 获取系统属性integritytech.test.browser，值为chrome
2019.11.07 at 17:07:10 CST INFO  com.jlt.util.DriverUtil 46 <clinit> - 获取配置文件中driver所在路径和文件名，值为D:\chromedriver_2.33_win32\chromedriver.exe
2019.11.07 at 17:07:10 CST INFO  com.jlt.util.DriverUtil 65 <clinit> - driver服务已启动......
2019.11.07 at 17:16:59 CST INFO  com.jlt.util.DriverUtil 40 <clinit> - 获取系统属性integritytech.test.browser，值为chrome
2019.11.07 at 17:16:59 CST INFO  com.jlt.util.DriverUtil 46 <clinit> - 获取配置文件中driver所在路径和文件名，值为D:\chromedriver_2.33_win32\chromedriver.exe
2019.11.07 at 17:16:59 CST INFO  com.jlt.util.DriverUtil 65 <clinit> - driver服务已启动......
2019.11.07 at 17:25:47 CST INFO  com.jlt.util.DriverUtil 40 <clinit> - 获取系统属性integritytech.test.browser，值为chrome
2019.11.07 at 17:25:47 CST INFO  com.jlt.util.DriverUtil 46 <clinit> - 获取配置文件中driver所在路径和文件名，值为D:\chromedriver_2.33_win32\chromedriver.exe
2019.11.07 at 17:25:47 CST INFO  com.jlt.util.DriverUtil 65 <clinit> - driver服务已启动......
2019.11.07 at 17:28:48 CST INFO  com.jlt.util.DriverUtil 40 <clinit> - 获取系统属性integritytech.test.browser，值为chrome
2019.11.07 at 17:28:48 CST INFO  com.jlt.util.DriverUtil 46 <clinit> - 获取配置文件中driver所在路径和文件名，值为D:\chromedriver_2.33_win32\chromedriver.exe
2019.11.07 at 17:28:48 CST INFO  com.jlt.util.DriverUtil 65 <clinit> - driver服务已启动......
2019.11.07 at 17:49:56 CST INFO  com.jlt.util.DriverUtil 40 <clinit> - 获取系统属性integritytech.test.browser，值为chrome
2019.11.07 at 17:49:56 CST INFO  com.jlt.util.DriverUtil 46 <clinit> - 获取配置文件中driver所在路径和文件名，值为D:\chromedriver_2.33_win32\chromedriver.exe
2019.11.07 at 17:49:57 CST INFO  com.jlt.util.DriverUtil 65 <clinit> - driver服务已启动......
2019.11.07 at 17:56:55 CST INFO  com.jlt.util.DriverUtil 40 <clinit> - 获取系统属性integritytech.test.browser，值为chrome
2019.11.07 at 17:56:55 CST INFO  com.jlt.util.DriverUtil 46 <clinit> - 获取配置文件中driver所在路径和文件名，值为D:\chromedriver_2.33_win32\chromedriver.exe
2019.11.07 at 17:56:55 CST INFO  com.jlt.util.DriverUtil 65 <clinit> - driver服务已启动......
2019.11.07 at 18:04:19 CST INFO  com.jlt.util.DriverUtil 40 <clinit> - 获取系统属性integritytech.test.browser，值为chrome
2019.11.07 at 18:04:19 CST INFO  com.jlt.util.DriverUtil 46 <clinit> - 获取配置文件中driver所在路径和文件名，值为D:\chromedriver_2.33_win32\chromedriver.exe
2019.11.07 at 18:04:19 CST INFO  com.jlt.util.DriverUtil 65 <clinit> - driver服务已启动......
2019.11.07 at 18:05:38 CST INFO  com.jlt.util.DriverUtil 40 <clinit> - 获取系统属性integritytech.test.browser，值为chrome
2019.11.07 at 18:05:38 CST INFO  com.jlt.util.DriverUtil 46 <clinit> - 获取配置文件中driver所在路径和文件名，值为D:\chromedriver_2.33_win32\chromedriver.exe
2019.11.07 at 18:05:38 CST INFO  com.jlt.util.DriverUtil 65 <clinit> - driver服务已启动......
2019.11.07 at 18:08:39 CST INFO  com.jlt.util.DriverUtil 40 <clinit> - 获取系统属性integritytech.test.browser，值为chrome
2019.11.07 at 18:08:39 CST INFO  com.jlt.util.DriverUtil 46 <clinit> - 获取配置文件中driver所在路径和文件名，值为D:\chromedriver_2.33_win32\chromedriver.exe
2019.11.07 at 18:08:39 CST INFO  com.jlt.util.DriverUtil 65 <clinit> - driver服务已启动......
2019.11.08 at 13:14:22 CST INFO  com.jlt.util.DriverUtil 40 <clinit> - 获取系统属性integritytech.test.browser，值为chrome
2019.11.08 at 13:14:22 CST INFO  com.jlt.util.DriverUtil 46 <clinit> - 获取配置文件中driver所在路径和文件名，值为D:\chromedriver_76.0.3809.68_win32\chromedriver.exe
2019.11.08 at 13:14:22 CST INFO  com.jlt.util.DriverUtil 65 <clinit> - driver服务已启动......
2019.11.08 at 13:32:24 CST INFO  com.jlt.util.DriverUtil 40 <clinit> - 获取系统属性integritytech.test.browser，值为chrome
2019.11.08 at 13:32:24 CST INFO  com.jlt.util.DriverUtil 46 <clinit> - 获取配置文件中driver所在路径和文件名，值为D:\chromedriver_76.0.3809.68_win32\chromedriver.exe
2019.11.08 at 13:32:25 CST INFO  com.jlt.util.DriverUtil 65 <clinit> - driver服务已启动......
2019.11.11 at 09:17:48 CST INFO  com.jlt.util.DriverUtil 40 <clinit> - 获取系统属性integritytech.test.browser，值为chrome
2019.11.11 at 09:17:48 CST INFO  com.jlt.util.DriverUtil 46 <clinit> - 获取配置文件中driver所在路径和文件名，值为D:\chromedriver_76.0.3809.68_win32\chromedriver.exe
2019.11.11 at 09:17:49 CST INFO  com.jlt.util.DriverUtil 65 <clinit> - driver服务已启动......
2019.11.11 at 09:27:49 CST INFO  com.jlt.util.DriverUtil 40 <clinit> - 获取系统属性integritytech.test.browser，值为chrome
2019.11.11 at 09:27:49 CST INFO  com.jlt.util.DriverUtil 46 <clinit> - 获取配置文件中driver所在路径和文件名，值为D:\chromedriver_76.0.3809.68_win32\chromedriver.exe
2019.11.11 at 09:27:50 CST INFO  com.jlt.util.DriverUtil 65 <clinit> - driver服务已启动......
2019.11.11 at 10:32:04 CST INFO  com.jlt.util.DriverUtil 40 <clinit> - 获取系统属性integritytech.test.browser，值为chrome
2019.11.11 at 10:32:04 CST INFO  com.jlt.util.DriverUtil 46 <clinit> - 获取配置文件中driver所在路径和文件名，值为D:\chromedriver_76.0.3809.68_win32\chromedriver.exe
2019.11.11 at 10:32:04 CST INFO  com.jlt.util.DriverUtil 65 <clinit> - driver服务已启动......
2019.11.11 at 10:33:59 CST INFO  com.jlt.util.DriverUtil 40 <clinit> - 获取系统属性integritytech.test.browser，值为chrome
2019.11.11 at 10:33:59 CST INFO  com.jlt.util.DriverUtil 46 <clinit> - 获取配置文件中driver所在路径和文件名，值为D:\chromedriver_76.0.3809.68_win32\chromedriver.exe
2019.11.11 at 10:34:00 CST INFO  com.jlt.util.DriverUtil 65 <clinit> - driver服务已启动......
2019.11.11 at 10:37:02 CST INFO  com.jlt.util.DriverUtil 40 <clinit> - 获取系统属性integritytech.test.browser，值为chrome
2019.11.11 at 10:37:02 CST INFO  com.jlt.util.DriverUtil 46 <clinit> - 获取配置文件中driver所在路径和文件名，值为D:\chromedriver_76.0.3809.68_win32\chromedriver.exe
2019.11.11 at 10:37:02 CST INFO  com.jlt.util.DriverUtil 65 <clinit> - driver服务已启动......
2019.11.11 at 10:38:42 CST INFO  com.jlt.util.DriverUtil 40 <clinit> - 获取系统属性integritytech.test.browser，值为chrome
2019.11.11 at 10:38:42 CST INFO  com.jlt.util.DriverUtil 46 <clinit> - 获取配置文件中driver所在路径和文件名，值为D:\chromedriver_76.0.3809.68_win32\chromedriver.exe
2019.11.11 at 10:38:43 CST INFO  com.jlt.util.DriverUtil 65 <clinit> - driver服务已启动......
2019.11.11 at 11:08:35 CST INFO  com.jlt.util.DriverUtil 40 <clinit> - 获取系统属性integritytech.test.browser，值为chrome
2019.11.11 at 11:08:35 CST INFO  com.jlt.util.DriverUtil 46 <clinit> - 获取配置文件中driver所在路径和文件名，值为D:\chromedriver_76.0.3809.68_win32\chromedriver.exe
2019.11.11 at 11:08:35 CST INFO  com.jlt.util.DriverUtil 65 <clinit> - driver服务已启动......
2019.11.11 at 11:18:09 CST INFO  com.jlt.util.DriverUtil 40 <clinit> - 获取系统属性integritytech.test.browser，值为chrome
2019.11.11 at 11:18:09 CST INFO  com.jlt.util.DriverUtil 46 <clinit> - 获取配置文件中driver所在路径和文件名，值为D:\chromedriver_76.0.3809.68_win32\chromedriver.exe
2019.11.11 at 11:18:09 CST INFO  com.jlt.util.DriverUtil 65 <clinit> - driver服务已启动......
2019.11.11 at 11:30:30 CST INFO  com.jlt.util.DriverUtil 40 <clinit> - 获取系统属性integritytech.test.browser，值为chrome
2019.11.11 at 11:30:30 CST INFO  com.jlt.util.DriverUtil 46 <clinit> - 获取配置文件中driver所在路径和文件名，值为D:\chromedriver_76.0.3809.68_win32\chromedriver.exe
2019.11.11 at 11:30:30 CST INFO  com.jlt.util.DriverUtil 65 <clinit> - driver服务已启动......
2019.11.11 at 12:21:46 CST INFO  com.jlt.util.DriverUtil 40 <clinit> - 获取系统属性integritytech.test.browser，值为chrome
2019.11.11 at 12:21:46 CST INFO  com.jlt.util.DriverUtil 46 <clinit> - 获取配置文件中driver所在路径和文件名，值为D:\chromedriver_76.0.3809.68_win32\chromedriver.exe
2019.11.11 at 12:21:46 CST INFO  com.jlt.util.DriverUtil 65 <clinit> - driver服务已启动......
2019.11.11 at 12:23:11 CST INFO  com.jlt.util.DriverUtil 40 <clinit> - 获取系统属性integritytech.test.browser，值为chrome
2019.11.11 at 12:23:11 CST INFO  com.jlt.util.DriverUtil 46 <clinit> - 获取配置文件中driver所在路径和文件名，值为D:\chromedriver_76.0.3809.68_win32\chromedriver.exe
2019.11.11 at 12:23:11 CST INFO  com.jlt.util.DriverUtil 65 <clinit> - driver服务已启动......
2019.11.11 at 12:25:40 CST INFO  com.jlt.util.DriverUtil 40 <clinit> - 获取系统属性integritytech.test.browser，值为chrome
2019.11.11 at 12:25:40 CST INFO  com.jlt.util.DriverUtil 46 <clinit> - 获取配置文件中driver所在路径和文件名，值为D:\chromedriver_76.0.3809.68_win32\chromedriver.exe
2019.11.11 at 12:25:40 CST INFO  com.jlt.util.DriverUtil 65 <clinit> - driver服务已启动......
2019.11.11 at 12:26:30 CST INFO  com.jlt.util.DriverUtil 40 <clinit> - 获取系统属性integritytech.test.browser，值为chrome
2019.11.11 at 12:26:30 CST INFO  com.jlt.util.DriverUtil 46 <clinit> - 获取配置文件中driver所在路径和文件名，值为D:\chromedriver_76.0.3809.68_win32\chromedriver.exe
2019.11.11 at 12:26:30 CST INFO  com.jlt.util.DriverUtil 65 <clinit> - driver服务已启动......
2019.11.11 at 12:27:13 CST INFO  com.jlt.util.DriverUtil 40 <clinit> - 获取系统属性integritytech.test.browser，值为chrome
2019.11.11 at 12:27:13 CST INFO  com.jlt.util.DriverUtil 46 <clinit> - 获取配置文件中driver所在路径和文件名，值为D:\chromedriver_76.0.3809.68_win32\chromedriver.exe
2019.11.11 at 12:27:13 CST INFO  com.jlt.util.DriverUtil 65 <clinit> - driver服务已启动......
2019.11.11 at 12:27:38 CST INFO  com.jlt.util.DriverUtil 40 <clinit> - 获取系统属性integritytech.test.browser，值为chrome
2019.11.11 at 12:27:38 CST INFO  com.jlt.util.DriverUtil 46 <clinit> - 获取配置文件中driver所在路径和文件名，值为D:\chromedriver_76.0.3809.68_win32\chromedriver.exe
2019.11.11 at 12:27:38 CST INFO  com.jlt.util.DriverUtil 65 <clinit> - driver服务已启动......
2019.11.11 at 12:35:01 CST INFO  com.jlt.util.DriverUtil 40 <clinit> - 获取系统属性integritytech.test.browser，值为chrome
2019.11.11 at 12:35:01 CST INFO  com.jlt.util.DriverUtil 46 <clinit> - 获取配置文件中driver所在路径和文件名，值为D:\chromedriver_76.0.3809.68_win32\chromedriver.exe
2019.11.11 at 12:35:01 CST INFO  com.jlt.util.DriverUtil 65 <clinit> - driver服务已启动......
2019.11.11 at 12:35:21 CST INFO  com.jlt.util.DriverUtil 40 <clinit> - 获取系统属性integritytech.test.browser，值为chrome
2019.11.11 at 12:35:21 CST INFO  com.jlt.util.DriverUtil 46 <clinit> - 获取配置文件中driver所在路径和文件名，值为D:\chromedriver_76.0.3809.68_win32\chromedriver.exe
2019.11.11 at 12:35:22 CST INFO  com.jlt.util.DriverUtil 65 <clinit> - driver服务已启动......
2019.11.11 at 12:37:36 CST INFO  com.jlt.util.DriverUtil 40 <clinit> - 获取系统属性integritytech.test.browser，值为chrome
2019.11.11 at 12:37:36 CST INFO  com.jlt.util.DriverUtil 46 <clinit> - 获取配置文件中driver所在路径和文件名，值为D:\chromedriver_76.0.3809.68_win32\chromedriver.exe
2019.11.11 at 12:37:36 CST INFO  com.jlt.util.DriverUtil 65 <clinit> - driver服务已启动......
2019.11.11 at 12:42:47 CST INFO  com.jlt.util.DriverUtil 40 <clinit> - 获取系统属性integritytech.test.browser，值为chrome
2019.11.11 at 12:42:47 CST INFO  com.jlt.util.DriverUtil 46 <clinit> - 获取配置文件中driver所在路径和文件名，值为D:\chromedriver_76.0.3809.68_win32\chromedriver.exe
2019.11.11 at 12:42:48 CST INFO  com.jlt.util.DriverUtil 65 <clinit> - driver服务已启动......
2019.11.11 at 12:55:34 CST INFO  com.jlt.util.DriverUtil 40 <clinit> - 获取系统属性integritytech.test.browser，值为chrome
2019.11.11 at 12:55:34 CST INFO  com.jlt.util.DriverUtil 46 <clinit> - 获取配置文件中driver所在路径和文件名，值为D:\chromedriver_76.0.3809.68_win32\chromedriver.exe
2019.11.11 at 12:55:34 CST INFO  com.jlt.util.DriverUtil 65 <clinit> - driver服务已启动......
2019.11.11 at 13:00:53 CST INFO  com.jlt.util.DriverUtil 40 <clinit> - 获取系统属性integritytech.test.browser，值为chrome
2019.11.11 at 13:00:53 CST INFO  com.jlt.util.DriverUtil 46 <clinit> - 获取配置文件中driver所在路径和文件名，值为D:\chromedriver_76.0.3809.68_win32\chromedriver.exe
2019.11.11 at 13:00:53 CST INFO  com.jlt.util.DriverUtil 65 <clinit> - driver服务已启动......
2019.11.11 at 13:10:19 CST INFO  com.jlt.util.DriverUtil 40 <clinit> - 获取系统属性integritytech.test.browser，值为chrome
2019.11.11 at 13:10:19 CST INFO  com.jlt.util.DriverUtil 46 <clinit> - 获取配置文件中driver所在路径和文件名，值为D:\chromedriver_76.0.3809.68_win32\chromedriver.exe
2019.11.11 at 13:10:19 CST INFO  com.jlt.util.DriverUtil 65 <clinit> - driver服务已启动......
2019.11.11 at 13:15:03 CST INFO  com.jlt.util.DriverUtil 40 <clinit> - 获取系统属性integritytech.test.browser，值为chrome
2019.11.11 at 13:15:03 CST INFO  com.jlt.util.DriverUtil 46 <clinit> - 获取配置文件中driver所在路径和文件名，值为D:\chromedriver_76.0.3809.68_win32\chromedriver.exe
2019.11.11 at 13:15:04 CST INFO  com.jlt.util.DriverUtil 65 <clinit> - driver服务已启动......
2019.11.11 at 13:19:46 CST INFO  com.jlt.util.DriverUtil 40 <clinit> - 获取系统属性integritytech.test.browser，值为chrome
2019.11.11 at 13:19:46 CST INFO  com.jlt.util.DriverUtil 46 <clinit> - 获取配置文件中driver所在路径和文件名，值为D:\chromedriver_76.0.3809.68_win32\chromedriver.exe
2019.11.11 at 13:19:47 CST INFO  com.jlt.util.DriverUtil 65 <clinit> - driver服务已启动......
2019.11.11 at 13:30:56 CST INFO  com.jlt.util.DriverUtil 40 <clinit> - 获取系统属性integritytech.test.browser，值为chrome
2019.11.11 at 13:30:56 CST INFO  com.jlt.util.DriverUtil 46 <clinit> - 获取配置文件中driver所在路径和文件名，值为D:\chromedriver_76.0.3809.68_win32\chromedriver.exe
2019.11.11 at 13:30:56 CST INFO  com.jlt.util.DriverUtil 65 <clinit> - driver服务已启动......
2019.11.11 at 13:43:02 CST INFO  com.jlt.util.DriverUtil 40 <clinit> - 获取系统属性integritytech.test.browser，值为chrome
2019.11.11 at 13:43:02 CST INFO  com.jlt.util.DriverUtil 46 <clinit> - 获取配置文件中driver所在路径和文件名，值为D:\chromedriver_76.0.3809.68_win32\chromedriver.exe
2019.11.11 at 13:43:02 CST INFO  com.jlt.util.DriverUtil 65 <clinit> - driver服务已启动......
2019.11.11 at 13:48:03 CST INFO  com.jlt.util.DriverUtil 40 <clinit> - 获取系统属性integritytech.test.browser，值为chrome
2019.11.11 at 13:48:03 CST INFO  com.jlt.util.DriverUtil 46 <clinit> - 获取配置文件中driver所在路径和文件名，值为D:\chromedriver_76.0.3809.68_win32\chromedriver.exe
2019.11.11 at 13:48:03 CST INFO  com.jlt.util.DriverUtil 65 <clinit> - driver服务已启动......
2019.11.11 at 13:55:48 CST INFO  com.jlt.util.DriverUtil 40 <clinit> - 获取系统属性integritytech.test.browser，值为chrome
2019.11.11 at 13:55:48 CST INFO  com.jlt.util.DriverUtil 46 <clinit> - 获取配置文件中driver所在路径和文件名，值为D:\chromedriver_76.0.3809.68_win32\chromedriver.exe
2019.11.11 at 13:55:49 CST INFO  com.jlt.util.DriverUtil 65 <clinit> - driver服务已启动......
2019.11.11 at 14:14:26 CST INFO  com.jlt.util.DriverUtil 40 <clinit> - 获取系统属性integritytech.test.browser，值为chrome
2019.11.11 at 14:14:26 CST INFO  com.jlt.util.DriverUtil 46 <clinit> - 获取配置文件中driver所在路径和文件名，值为D:\chromedriver_76.0.3809.68_win32\chromedriver.exe
2019.11.11 at 14:14:26 CST INFO  com.jlt.util.DriverUtil 65 <clinit> - driver服务已启动......
2019.11.11 at 14:30:00 CST INFO  com.jlt.util.DriverUtil 40 <clinit> - 获取系统属性integritytech.test.browser，值为chrome
2019.11.11 at 14:30:00 CST INFO  com.jlt.util.DriverUtil 46 <clinit> - 获取配置文件中driver所在路径和文件名，值为D:\chromedriver_76.0.3809.68_win32\chromedriver.exe
2019.11.11 at 14:30:00 CST INFO  com.jlt.util.DriverUtil 65 <clinit> - driver服务已启动......
2019.11.11 at 14:30:45 CST INFO  com.jlt.util.DriverUtil 40 <clinit> - 获取系统属性integritytech.test.browser，值为chrome
2019.11.11 at 14:30:45 CST INFO  com.jlt.util.DriverUtil 46 <clinit> - 获取配置文件中driver所在路径和文件名，值为D:\chromedriver_76.0.3809.68_win32\chromedriver.exe
2019.11.11 at 14:30:46 CST INFO  com.jlt.util.DriverUtil 65 <clinit> - driver服务已启动......
2019.11.11 at 14:52:08 CST INFO  com.jlt.util.DriverUtil 40 <clinit> - 获取系统属性integritytech.test.browser，值为chrome
2019.11.11 at 14:52:08 CST INFO  com.jlt.util.DriverUtil 46 <clinit> - 获取配置文件中driver所在路径和文件名，值为D:\chromedriver_76.0.3809.68_win32\chromedriver.exe
2019.11.11 at 14:52:08 CST INFO  com.jlt.util.DriverUtil 65 <clinit> - driver服务已启动......
2019.11.11 at 14:59:10 CST INFO  com.jlt.util.DriverUtil 40 <clinit> - 获取系统属性integritytech.test.browser，值为chrome
2019.11.11 at 14:59:10 CST INFO  com.jlt.util.DriverUtil 46 <clinit> - 获取配置文件中driver所在路径和文件名，值为D:\chromedriver_76.0.3809.68_win32\chromedriver.exe
2019.11.11 at 14:59:10 CST INFO  com.jlt.util.DriverUtil 65 <clinit> - driver服务已启动......
2019.11.11 at 15:12:49 CST INFO  com.jlt.util.DriverUtil 40 <clinit> - 获取系统属性integritytech.test.browser，值为chrome
2019.11.11 at 15:12:49 CST INFO  com.jlt.util.DriverUtil 46 <clinit> - 获取配置文件中driver所在路径和文件名，值为D:\chromedriver_76.0.3809.68_win32\chromedriver.exe
2019.11.11 at 15:12:49 CST INFO  com.jlt.util.DriverUtil 65 <clinit> - driver服务已启动......
2019.11.11 at 15:19:18 CST INFO  com.jlt.util.DriverUtil 40 <clinit> - 获取系统属性integritytech.test.browser，值为chrome
2019.11.11 at 15:19:18 CST INFO  com.jlt.util.DriverUtil 46 <clinit> - 获取配置文件中driver所在路径和文件名，值为D:\chromedriver_76.0.3809.68_win32\chromedriver.exe
2019.11.11 at 15:19:18 CST INFO  com.jlt.util.DriverUtil 65 <clinit> - driver服务已启动......
2019.11.11 at 15:28:33 CST INFO  com.jlt.util.DriverUtil 40 <clinit> - 获取系统属性integritytech.test.browser，值为chrome
2019.11.11 at 15:28:33 CST INFO  com.jlt.util.DriverUtil 46 <clinit> - 获取配置文件中driver所在路径和文件名，值为D:\chromedriver_76.0.3809.68_win32\chromedriver.exe
2019.11.11 at 15:28:33 CST INFO  com.jlt.util.DriverUtil 65 <clinit> - driver服务已启动......
2019.11.11 at 15:29:19 CST INFO  com.jlt.util.DriverUtil 40 <clinit> - 获取系统属性integritytech.test.browser，值为chrome
2019.11.11 at 15:29:19 CST INFO  com.jlt.util.DriverUtil 46 <clinit> - 获取配置文件中driver所在路径和文件名，值为D:\chromedriver_76.0.3809.68_win32\chromedriver.exe
2019.11.11 at 15:29:19 CST INFO  com.jlt.util.DriverUtil 65 <clinit> - driver服务已启动......
2019.11.11 at 15:44:29 CST INFO  com.jlt.util.DriverUtil 40 <clinit> - 获取系统属性integritytech.test.browser，值为chrome
2019.11.11 at 15:44:29 CST INFO  com.jlt.util.DriverUtil 46 <clinit> - 获取配置文件中driver所在路径和文件名，值为D:\chromedriver_76.0.3809.68_win32\chromedriver.exe
2019.11.11 at 15:44:29 CST INFO  com.jlt.util.DriverUtil 65 <clinit> - driver服务已启动......
2019.11.11 at 15:51:14 CST INFO  com.jlt.util.DriverUtil 40 <clinit> - 获取系统属性integritytech.test.browser，值为chrome
2019.11.11 at 15:51:14 CST INFO  com.jlt.util.DriverUtil 46 <clinit> - 获取配置文件中driver所在路径和文件名，值为D:\chromedriver_76.0.3809.68_win32\chromedriver.exe
2019.11.11 at 15:51:14 CST INFO  com.jlt.util.DriverUtil 65 <clinit> - driver服务已启动......
2019.11.11 at 15:52:11 CST INFO  com.jlt.util.DriverUtil 40 <clinit> - 获取系统属性integritytech.test.browser，值为chrome
2019.11.11 at 15:52:11 CST INFO  com.jlt.util.DriverUtil 46 <clinit> - 获取配置文件中driver所在路径和文件名，值为D:\chromedriver_76.0.3809.68_win32\chromedriver.exe
2019.11.11 at 15:52:11 CST INFO  com.jlt.util.DriverUtil 65 <clinit> - driver服务已启动......
2019.11.11 at 15:54:00 CST INFO  com.jlt.util.DriverUtil 40 <clinit> - 获取系统属性integritytech.test.browser，值为chrome
2019.11.11 at 15:54:00 CST INFO  com.jlt.util.DriverUtil 46 <clinit> - 获取配置文件中driver所在路径和文件名，值为D:\chromedriver_76.0.3809.68_win32\chromedriver.exe
2019.11.11 at 15:54:00 CST INFO  com.jlt.util.DriverUtil 65 <clinit> - driver服务已启动......
2019.11.11 at 15:55:48 CST INFO  com.jlt.util.DriverUtil 40 <clinit> - 获取系统属性integritytech.test.browser，值为chrome
2019.11.11 at 15:55:48 CST INFO  com.jlt.util.DriverUtil 46 <clinit> - 获取配置文件中driver所在路径和文件名，值为D:\chromedriver_76.0.3809.68_win32\chromedriver.exe
2019.11.11 at 15:55:48 CST INFO  com.jlt.util.DriverUtil 65 <clinit> - driver服务已启动......
2019.11.11 at 16:02:56 CST INFO  com.jlt.util.DriverUtil 40 <clinit> - 获取系统属性integritytech.test.browser，值为chrome
2019.11.11 at 16:02:56 CST INFO  com.jlt.util.DriverUtil 46 <clinit> - 获取配置文件中driver所在路径和文件名，值为D:\chromedriver_76.0.3809.68_win32\chromedriver.exe
2019.11.11 at 16:02:56 CST INFO  com.jlt.util.DriverUtil 65 <clinit> - driver服务已启动......
2019.11.11 at 16:04:33 CST INFO  com.jlt.util.DriverUtil 40 <clinit> - 获取系统属性integritytech.test.browser，值为chrome
2019.11.11 at 16:04:33 CST INFO  com.jlt.util.DriverUtil 46 <clinit> - 获取配置文件中driver所在路径和文件名，值为D:\chromedriver_76.0.3809.68_win32\chromedriver.exe
2019.11.11 at 16:04:33 CST INFO  com.jlt.util.DriverUtil 65 <clinit> - driver服务已启动......
2019.11.11 at 16:14:58 CST INFO  com.jlt.util.DriverUtil 40 <clinit> - 获取系统属性integritytech.test.browser，值为chrome
2019.11.11 at 16:14:58 CST INFO  com.jlt.util.DriverUtil 46 <clinit> - 获取配置文件中driver所在路径和文件名，值为D:\chromedriver_76.0.3809.68_win32\chromedriver.exe
2019.11.11 at 16:14:58 CST INFO  com.jlt.util.DriverUtil 65 <clinit> - driver服务已启动......
2019.11.11 at 16:16:09 CST INFO  com.jlt.util.DriverUtil 40 <clinit> - 获取系统属性integritytech.test.browser，值为chrome
2019.11.11 at 16:16:09 CST INFO  com.jlt.util.DriverUtil 46 <clinit> - 获取配置文件中driver所在路径和文件名，值为D:\chromedriver_76.0.3809.68_win32\chromedriver.exe
2019.11.11 at 16:16:09 CST INFO  com.jlt.util.DriverUtil 65 <clinit> - driver服务已启动......
2019.11.11 at 16:19:55 CST INFO  com.jlt.util.DriverUtil 40 <clinit> - 获取系统属性integritytech.test.browser，值为chrome
2019.11.11 at 16:19:55 CST INFO  com.jlt.util.DriverUtil 46 <clinit> - 获取配置文件中driver所在路径和文件名，值为D:\chromedriver_76.0.3809.68_win32\chromedriver.exe
2019.11.11 at 16:19:55 CST INFO  com.jlt.util.DriverUtil 65 <clinit> - driver服务已启动......
2019.11.11 at 16:23:53 CST INFO  com.jlt.util.DriverUtil 40 <clinit> - 获取系统属性integritytech.test.browser，值为chrome
2019.11.11 at 16:23:53 CST INFO  com.jlt.util.DriverUtil 46 <clinit> - 获取配置文件中driver所在路径和文件名，值为D:\chromedriver_76.0.3809.68_win32\chromedriver.exe
2019.11.11 at 16:23:53 CST INFO  com.jlt.util.DriverUtil 65 <clinit> - driver服务已启动......
2019.11.11 at 16:32:12 CST INFO  com.jlt.util.DriverUtil 40 <clinit> - 获取系统属性integritytech.test.browser，值为chrome
2019.11.11 at 16:32:13 CST INFO  com.jlt.util.DriverUtil 46 <clinit> - 获取配置文件中driver所在路径和文件名，值为D:\chromedriver_76.0.3809.68_win32\chromedriver.exe
2019.11.11 at 16:32:13 CST INFO  com.jlt.util.DriverUtil 65 <clinit> - driver服务已启动......
2019.11.11 at 16:33:36 CST INFO  com.jlt.util.DriverUtil 40 <clinit> - 获取系统属性integritytech.test.browser，值为chrome
2019.11.11 at 16:33:36 CST INFO  com.jlt.util.DriverUtil 46 <clinit> - 获取配置文件中driver所在路径和文件名，值为D:\chromedriver_76.0.3809.68_win32\chromedriver.exe
2019.11.11 at 16:33:36 CST INFO  com.jlt.util.DriverUtil 65 <clinit> - driver服务已启动......
2019.11.11 at 16:34:23 CST INFO  com.jlt.util.DriverUtil 40 <clinit> - 获取系统属性integritytech.test.browser，值为chrome
2019.11.11 at 16:34:23 CST INFO  com.jlt.util.DriverUtil 46 <clinit> - 获取配置文件中driver所在路径和文件名，值为D:\chromedriver_76.0.3809.68_win32\chromedriver.exe
2019.11.11 at 16:34:23 CST INFO  com.jlt.util.DriverUtil 65 <clinit> - driver服务已启动......
2019.11.11 at 16:39:10 CST INFO  com.jlt.util.DriverUtil 40 <clinit> - 获取系统属性integritytech.test.browser，值为chrome
2019.11.11 at 16:39:10 CST INFO  com.jlt.util.DriverUtil 46 <clinit> - 获取配置文件中driver所在路径和文件名，值为D:\chromedriver_76.0.3809.68_win32\chromedriver.exe
2019.11.11 at 16:39:10 CST INFO  com.jlt.util.DriverUtil 65 <clinit> - driver服务已启动......
2019.11.11 at 16:42:36 CST INFO  com.jlt.util.DriverUtil 40 <clinit> - 获取系统属性integritytech.test.browser，值为chrome
2019.11.11 at 16:42:36 CST INFO  com.jlt.util.DriverUtil 46 <clinit> - 获取配置文件中driver所在路径和文件名，值为D:\chromedriver_76.0.3809.68_win32\chromedriver.exe
2019.11.11 at 16:42:37 CST INFO  com.jlt.util.DriverUtil 65 <clinit> - driver服务已启动......
2019.11.11 at 16:44:44 CST INFO  com.jlt.util.DriverUtil 40 <clinit> - 获取系统属性integritytech.test.browser，值为chrome
2019.11.11 at 16:44:44 CST INFO  com.jlt.util.DriverUtil 46 <clinit> - 获取配置文件中driver所在路径和文件名，值为D:\chromedriver_76.0.3809.68_win32\chromedriver.exe
2019.11.11 at 16:44:45 CST INFO  com.jlt.util.DriverUtil 65 <clinit> - driver服务已启动......
2019.11.11 at 16:46:17 CST INFO  com.jlt.util.DriverUtil 40 <clinit> - 获取系统属性integritytech.test.browser，值为chrome
2019.11.11 at 16:46:17 CST INFO  com.jlt.util.DriverUtil 46 <clinit> - 获取配置文件中driver所在路径和文件名，值为D:\chromedriver_76.0.3809.68_win32\chromedriver.exe
2019.11.11 at 16:46:18 CST INFO  com.jlt.util.DriverUtil 65 <clinit> - driver服务已启动......
2019.11.11 at 16:47:48 CST INFO  com.jlt.util.DriverUtil 40 <clinit> - 获取系统属性integritytech.test.browser，值为chrome
2019.11.11 at 16:47:48 CST INFO  com.jlt.util.DriverUtil 46 <clinit> - 获取配置文件中driver所在路径和文件名，值为D:\chromedriver_76.0.3809.68_win32\chromedriver.exe
2019.11.11 at 16:47:48 CST INFO  com.jlt.util.DriverUtil 65 <clinit> - driver服务已启动......
2019.11.11 at 16:51:00 CST INFO  com.jlt.util.DriverUtil 40 <clinit> - 获取系统属性integritytech.test.browser，值为chrome
2019.11.11 at 16:51:00 CST INFO  com.jlt.util.DriverUtil 46 <clinit> - 获取配置文件中driver所在路径和文件名，值为D:\chromedriver_76.0.3809.68_win32\chromedriver.exe
2019.11.11 at 16:51:00 CST INFO  com.jlt.util.DriverUtil 65 <clinit> - driver服务已启动......
2019.11.11 at 16:52:44 CST INFO  com.jlt.util.DriverUtil 40 <clinit> - 获取系统属性integritytech.test.browser，值为chrome
2019.11.11 at 16:52:44 CST INFO  com.jlt.util.DriverUtil 46 <clinit> - 获取配置文件中driver所在路径和文件名，值为D:\chromedriver_76.0.3809.68_win32\chromedriver.exe
2019.11.11 at 16:52:44 CST INFO  com.jlt.util.DriverUtil 65 <clinit> - driver服务已启动......
2019.11.11 at 16:56:48 CST INFO  com.jlt.util.DriverUtil 40 <clinit> - 获取系统属性integritytech.test.browser，值为chrome
2019.11.11 at 16:56:48 CST INFO  com.jlt.util.DriverUtil 46 <clinit> - 获取配置文件中driver所在路径和文件名，值为D:\chromedriver_76.0.3809.68_win32\chromedriver.exe
2019.11.11 at 16:56:49 CST INFO  com.jlt.util.DriverUtil 65 <clinit> - driver服务已启动......
2019.11.11 at 16:59:09 CST INFO  com.jlt.util.DriverUtil 40 <clinit> - 获取系统属性integritytech.test.browser，值为chrome
2019.11.11 at 16:59:09 CST INFO  com.jlt.util.DriverUtil 46 <clinit> - 获取配置文件中driver所在路径和文件名，值为D:\chromedriver_76.0.3809.68_win32\chromedriver.exe
2019.11.11 at 16:59:09 CST INFO  com.jlt.util.DriverUtil 65 <clinit> - driver服务已启动......
2019.11.11 at 17:05:28 CST INFO  com.jlt.util.DriverUtil 40 <clinit> - 获取系统属性integritytech.test.browser，值为chrome
2019.11.11 at 17:05:28 CST INFO  com.jlt.util.DriverUtil 46 <clinit> - 获取配置文件中driver所在路径和文件名，值为D:\chromedriver_76.0.3809.68_win32\chromedriver.exe
2019.11.11 at 17:05:28 CST INFO  com.jlt.util.DriverUtil 65 <clinit> - driver服务已启动......
2019.11.11 at 17:11:19 CST INFO  com.jlt.util.DriverUtil 40 <clinit> - 获取系统属性integritytech.test.browser，值为chrome
2019.11.11 at 17:11:19 CST INFO  com.jlt.util.DriverUtil 46 <clinit> - 获取配置文件中driver所在路径和文件名，值为D:\chromedriver_76.0.3809.68_win32\chromedriver.exe
2019.11.11 at 17:11:19 CST INFO  com.jlt.util.DriverUtil 65 <clinit> - driver服务已启动......
2019.11.11 at 17:12:28 CST INFO  com.jlt.util.DriverUtil 40 <clinit> - 获取系统属性integritytech.test.browser，值为chrome
2019.11.11 at 17:12:28 CST INFO  com.jlt.util.DriverUtil 46 <clinit> - 获取配置文件中driver所在路径和文件名，值为D:\chromedriver_76.0.3809.68_win32\chromedriver.exe
2019.11.11 at 17:12:29 CST INFO  com.jlt.util.DriverUtil 65 <clinit> - driver服务已启动......
2019.11.11 at 17:18:31 CST INFO  com.jlt.util.DriverUtil 40 <clinit> - 获取系统属性integritytech.test.browser，值为chrome
2019.11.11 at 17:18:31 CST INFO  com.jlt.util.DriverUtil 46 <clinit> - 获取配置文件中driver所在路径和文件名，值为D:\chromedriver_76.0.3809.68_win32\chromedriver.exe
2019.11.11 at 17:18:31 CST INFO  com.jlt.util.DriverUtil 65 <clinit> - driver服务已启动......
2019.11.11 at 17:19:50 CST INFO  com.jlt.util.DriverUtil 40 <clinit> - 获取系统属性integritytech.test.browser，值为chrome
2019.11.11 at 17:19:50 CST INFO  com.jlt.util.DriverUtil 46 <clinit> - 获取配置文件中driver所在路径和文件名，值为D:\chromedriver_76.0.3809.68_win32\chromedriver.exe
2019.11.11 at 17:19:51 CST INFO  com.jlt.util.DriverUtil 65 <clinit> - driver服务已启动......
2019.11.11 at 17:20:53 CST INFO  com.jlt.util.DriverUtil 40 <clinit> - 获取系统属性integritytech.test.browser，值为chrome
2019.11.11 at 17:20:53 CST INFO  com.jlt.util.DriverUtil 46 <clinit> - 获取配置文件中driver所在路径和文件名，值为D:\chromedriver_76.0.3809.68_win32\chromedriver.exe
2019.11.11 at 17:20:53 CST INFO  com.jlt.util.DriverUtil 65 <clinit> - driver服务已启动......
2019.11.11 at 17:29:55 CST INFO  com.jlt.util.DriverUtil 40 <clinit> - 获取系统属性integritytech.test.browser，值为chrome
2019.11.11 at 17:29:55 CST INFO  com.jlt.util.DriverUtil 46 <clinit> - 获取配置文件中driver所在路径和文件名，值为D:\chromedriver_76.0.3809.68_win32\chromedriver.exe
2019.11.11 at 17:29:55 CST INFO  com.jlt.util.DriverUtil 65 <clinit> - driver服务已启动......
2019.11.11 at 17:43:49 CST INFO  com.jlt.util.DriverUtil 40 <clinit> - 获取系统属性integritytech.test.browser，值为chrome
2019.11.11 at 17:43:49 CST INFO  com.jlt.util.DriverUtil 46 <clinit> - 获取配置文件中driver所在路径和文件名，值为D:\chromedriver_76.0.3809.68_win32\chromedriver.exe
2019.11.11 at 17:43:49 CST INFO  com.jlt.util.DriverUtil 65 <clinit> - driver服务已启动......
2019.11.11 at 17:45:19 CST INFO  com.jlt.util.DriverUtil 40 <clinit> - 获取系统属性integritytech.test.browser，值为chrome
2019.11.11 at 17:45:19 CST INFO  com.jlt.util.DriverUtil 46 <clinit> - 获取配置文件中driver所在路径和文件名，值为D:\chromedriver_76.0.3809.68_win32\chromedriver.exe
2019.11.11 at 17:45:19 CST INFO  com.jlt.util.DriverUtil 65 <clinit> - driver服务已启动......
2019.11.11 at 17:46:08 CST INFO  com.jlt.util.DriverUtil 40 <clinit> - 获取系统属性integritytech.test.browser，值为chrome
2019.11.11 at 17:46:08 CST INFO  com.jlt.util.DriverUtil 46 <clinit> - 获取配置文件中driver所在路径和文件名，值为D:\chromedriver_76.0.3809.68_win32\chromedriver.exe
2019.11.11 at 17:46:08 CST INFO  com.jlt.util.DriverUtil 65 <clinit> - driver服务已启动......
2019.11.11 at 17:48:16 CST INFO  com.jlt.util.DriverUtil 40 <clinit> - 获取系统属性integritytech.test.browser，值为chrome
2019.11.11 at 17:48:16 CST INFO  com.jlt.util.DriverUtil 46 <clinit> - 获取配置文件中driver所在路径和文件名，值为D:\chromedriver_76.0.3809.68_win32\chromedriver.exe
2019.11.11 at 17:48:16 CST INFO  com.jlt.util.DriverUtil 65 <clinit> - driver服务已启动......
2019.11.11 at 17:49:06 CST INFO  com.jlt.util.DriverUtil 40 <clinit> - 获取系统属性integritytech.test.browser，值为chrome
2019.11.11 at 17:49:06 CST INFO  com.jlt.util.DriverUtil 46 <clinit> - 获取配置文件中driver所在路径和文件名，值为D:\chromedriver_76.0.3809.68_win32\chromedriver.exe
2019.11.11 at 17:49:07 CST INFO  com.jlt.util.DriverUtil 65 <clinit> - driver服务已启动......
2019.11.11 at 17:55:07 CST INFO  com.jlt.util.DriverUtil 40 <clinit> - 获取系统属性integritytech.test.browser，值为chrome
2019.11.11 at 17:55:07 CST INFO  com.jlt.util.DriverUtil 46 <clinit> - 获取配置文件中driver所在路径和文件名，值为D:\chromedriver_76.0.3809.68_win32\chromedriver.exe
2019.11.11 at 17:55:07 CST INFO  com.jlt.util.DriverUtil 65 <clinit> - driver服务已启动......
2019.11.11 at 17:56:07 CST INFO  com.jlt.util.DriverUtil 40 <clinit> - 获取系统属性integritytech.test.browser，值为chrome
2019.11.11 at 17:56:07 CST INFO  com.jlt.util.DriverUtil 46 <clinit> - 获取配置文件中driver所在路径和文件名，值为D:\chromedriver_76.0.3809.68_win32\chromedriver.exe
2019.11.11 at 17:56:08 CST INFO  com.jlt.util.DriverUtil 65 <clinit> - driver服务已启动......
2019.11.11 at 17:57:29 CST INFO  com.jlt.util.DriverUtil 40 <clinit> - 获取系统属性integritytech.test.browser，值为chrome
2019.11.11 at 17:57:29 CST INFO  com.jlt.util.DriverUtil 46 <clinit> - 获取配置文件中driver所在路径和文件名，值为D:\chromedriver_76.0.3809.68_win32\chromedriver.exe
2019.11.11 at 17:57:29 CST INFO  com.jlt.util.DriverUtil 65 <clinit> - driver服务已启动......
2019.11.11 at 18:01:10 CST INFO  com.jlt.util.DriverUtil 40 <clinit> - 获取系统属性integritytech.test.browser，值为chrome
2019.11.11 at 18:01:10 CST INFO  com.jlt.util.DriverUtil 46 <clinit> - 获取配置文件中driver所在路径和文件名，值为D:\chromedriver_76.0.3809.68_win32\chromedriver.exe
2019.11.11 at 18:01:10 CST INFO  com.jlt.util.DriverUtil 65 <clinit> - driver服务已启动......
2019.11.11 at 18:02:13 CST INFO  com.jlt.util.DriverUtil 40 <clinit> - 获取系统属性integritytech.test.browser，值为chrome
2019.11.11 at 18:02:13 CST INFO  com.jlt.util.DriverUtil 46 <clinit> - 获取配置文件中driver所在路径和文件名，值为D:\chromedriver_76.0.3809.68_win32\chromedriver.exe
2019.11.11 at 18:02:13 CST INFO  com.jlt.util.DriverUtil 65 <clinit> - driver服务已启动......
2019.11.11 at 18:10:47 CST INFO  com.jlt.util.DriverUtil 40 <clinit> - 获取系统属性integritytech.test.browser，值为chrome
2019.11.11 at 18:10:47 CST INFO  com.jlt.util.DriverUtil 46 <clinit> - 获取配置文件中driver所在路径和文件名，值为D:\chromedriver_76.0.3809.68_win32\chromedriver.exe
2019.11.11 at 18:10:48 CST INFO  com.jlt.util.DriverUtil 65 <clinit> - driver服务已启动......
2019.11.12 at 09:12:55 CST INFO  com.jlt.util.DriverUtil 40 <clinit> - 获取系统属性integritytech.test.browser，值为chrome
2019.11.12 at 09:12:55 CST INFO  com.jlt.util.DriverUtil 46 <clinit> - 获取配置文件中driver所在路径和文件名，值为D:\chromedriver_76.0.3809.68_win32\chromedriver.exe
2019.11.12 at 09:12:55 CST INFO  com.jlt.util.DriverUtil 65 <clinit> - driver服务已启动......
2019.11.12 at 09:36:57 CST INFO  com.jlt.util.DriverUtil 40 <clinit> - 获取系统属性integritytech.test.browser，值为chrome
2019.11.12 at 09:36:57 CST INFO  com.jlt.util.DriverUtil 46 <clinit> - 获取配置文件中driver所在路径和文件名，值为D:\chromedriver_76.0.3809.68_win32\chromedriver.exe
2019.11.12 at 09:36:57 CST INFO  com.jlt.util.DriverUtil 65 <clinit> - driver服务已启动......
2019.11.12 at 10:13:05 CST INFO  com.jlt.util.DriverUtil 40 <clinit> - 获取系统属性integritytech.test.browser，值为chrome
2019.11.12 at 10:13:05 CST INFO  com.jlt.util.DriverUtil 46 <clinit> - 获取配置文件中driver所在路径和文件名，值为D:\chromedriver_76.0.3809.68_win32\chromedriver.exe
2019.11.12 at 10:13:05 CST INFO  com.jlt.util.DriverUtil 65 <clinit> - driver服务已启动......
2019.11.12 at 10:21:57 CST INFO  com.jlt.util.DriverUtil 40 <clinit> - 获取系统属性integritytech.test.browser，值为chrome
2019.11.12 at 10:21:57 CST INFO  com.jlt.util.DriverUtil 46 <clinit> - 获取配置文件中driver所在路径和文件名，值为D:\chromedriver_76.0.3809.68_win32\chromedriver.exe
2019.11.12 at 10:21:57 CST INFO  com.jlt.util.DriverUtil 65 <clinit> - driver服务已启动......
2019.11.12 at 10:24:16 CST INFO  com.jlt.util.DriverUtil 40 <clinit> - 获取系统属性integritytech.test.browser，值为chrome
2019.11.12 at 10:24:16 CST INFO  com.jlt.util.DriverUtil 46 <clinit> - 获取配置文件中driver所在路径和文件名，值为D:\chromedriver_76.0.3809.68_win32\chromedriver.exe
2019.11.12 at 10:24:17 CST INFO  com.jlt.util.DriverUtil 65 <clinit> - driver服务已启动......
2019.11.12 at 10:32:49 CST INFO  com.jlt.util.DriverUtil 40 <clinit> - 获取系统属性integritytech.test.browser，值为chrome
2019.11.12 at 10:32:49 CST INFO  com.jlt.util.DriverUtil 46 <clinit> - 获取配置文件中driver所在路径和文件名，值为D:\chromedriver_76.0.3809.68_win32\chromedriver.exe
2019.11.12 at 10:32:49 CST INFO  com.jlt.util.DriverUtil 65 <clinit> - driver服务已启动......
2019.11.12 at 11:15:26 CST INFO  com.jlt.util.DriverUtil 40 <clinit> - 获取系统属性integritytech.test.browser，值为chrome
2019.11.12 at 11:15:26 CST INFO  com.jlt.util.DriverUtil 46 <clinit> - 获取配置文件中driver所在路径和文件名，值为D:\chromedriver_76.0.3809.68_win32\chromedriver.exe
2019.11.12 at 11:15:26 CST INFO  com.jlt.util.DriverUtil 65 <clinit> - driver服务已启动......
2019.11.12 at 11:28:31 CST INFO  com.jlt.util.DriverUtil 40 <clinit> - 获取系统属性integritytech.test.browser，值为chrome
2019.11.12 at 11:28:31 CST INFO  com.jlt.util.DriverUtil 46 <clinit> - 获取配置文件中driver所在路径和文件名，值为D:\chromedriver_76.0.3809.68_win32\chromedriver.exe
2019.11.12 at 11:28:32 CST INFO  com.jlt.util.DriverUtil 65 <clinit> - driver服务已启动......
2019.11.12 at 11:30:25 CST INFO  com.jlt.util.DriverUtil 40 <clinit> - 获取系统属性integritytech.test.browser，值为chrome
2019.11.12 at 11:30:25 CST INFO  com.jlt.util.DriverUtil 46 <clinit> - 获取配置文件中driver所在路径和文件名，值为D:\chromedriver_76.0.3809.68_win32\chromedriver.exe
2019.11.12 at 11:30:25 CST INFO  com.jlt.util.DriverUtil 65 <clinit> - driver服务已启动......
2019.11.12 at 13:09:25 CST INFO  com.jlt.util.DriverUtil 40 <clinit> - 获取系统属性integritytech.test.browser，值为chrome
2019.11.12 at 13:09:25 CST INFO  com.jlt.util.DriverUtil 46 <clinit> - 获取配置文件中driver所在路径和文件名，值为D:\chromedriver_76.0.3809.68_win32\chromedriver.exe
2019.11.12 at 13:09:25 CST INFO  com.jlt.util.DriverUtil 65 <clinit> - driver服务已启动......
2019.11.12 at 13:23:03 CST INFO  com.jlt.util.DriverUtil 40 <clinit> - 获取系统属性integritytech.test.browser，值为chrome
2019.11.12 at 13:23:03 CST INFO  com.jlt.util.DriverUtil 46 <clinit> - 获取配置文件中driver所在路径和文件名，值为D:\chromedriver_76.0.3809.68_win32\chromedriver.exe
2019.11.12 at 13:23:03 CST INFO  com.jlt.util.DriverUtil 65 <clinit> - driver服务已启动......
2019.11.12 at 13:23:33 CST INFO  com.jlt.util.DriverUtil 40 <clinit> - 获取系统属性integritytech.test.browser，值为chrome
2019.11.12 at 13:23:33 CST INFO  com.jlt.util.DriverUtil 46 <clinit> - 获取配置文件中driver所在路径和文件名，值为D:\chromedriver_76.0.3809.68_win32\chromedriver.exe
2019.11.12 at 13:23:33 CST INFO  com.jlt.util.DriverUtil 65 <clinit> - driver服务已启动......
2019.11.12 at 13:24:16 CST INFO  com.jlt.util.DriverUtil 40 <clinit> - 获取系统属性integritytech.test.browser，值为chrome
2019.11.12 at 13:24:16 CST INFO  com.jlt.util.DriverUtil 46 <clinit> - 获取配置文件中driver所在路径和文件名，值为D:\chromedriver_76.0.3809.68_win32\chromedriver.exe
2019.11.12 at 13:24:17 CST INFO  com.jlt.util.DriverUtil 65 <clinit> - driver服务已启动......
2019.11.12 at 13:33:07 CST INFO  com.jlt.util.DriverUtil 40 <clinit> - 获取系统属性integritytech.test.browser，值为chrome
2019.11.12 at 13:33:07 CST INFO  com.jlt.util.DriverUtil 46 <clinit> - 获取配置文件中driver所在路径和文件名，值为D:\chromedriver_76.0.3809.68_win32\chromedriver.exe
2019.11.12 at 13:33:08 CST INFO  com.jlt.util.DriverUtil 65 <clinit> - driver服务已启动......
2019.11.12 at 13:33:47 CST INFO  com.jlt.util.DriverUtil 40 <clinit> - 获取系统属性integritytech.test.browser，值为chrome
2019.11.12 at 13:33:47 CST INFO  com.jlt.util.DriverUtil 46 <clinit> - 获取配置文件中driver所在路径和文件名，值为D:\chromedriver_76.0.3809.68_win32\chromedriver.exe
2019.11.12 at 13:33:47 CST INFO  com.jlt.util.DriverUtil 65 <clinit> - driver服务已启动......
2019.11.12 at 13:34:54 CST INFO  com.jlt.util.DriverUtil 40 <clinit> - 获取系统属性integritytech.test.browser，值为chrome
2019.11.12 at 13:34:54 CST INFO  com.jlt.util.DriverUtil 46 <clinit> - 获取配置文件中driver所在路径和文件名，值为D:\chromedriver_76.0.3809.68_win32\chromedriver.exe
2019.11.12 at 13:34:55 CST INFO  com.jlt.util.DriverUtil 65 <clinit> - driver服务已启动......
2019.11.12 at 13:46:49 CST INFO  com.jlt.util.DriverUtil 40 <clinit> - 获取系统属性integritytech.test.browser，值为chrome
2019.11.12 at 13:46:49 CST INFO  com.jlt.util.DriverUtil 46 <clinit> - 获取配置文件中driver所在路径和文件名，值为D:\chromedriver_76.0.3809.68_win32\chromedriver.exe
2019.11.12 at 13:46:49 CST INFO  com.jlt.util.DriverUtil 65 <clinit> - driver服务已启动......
2019.11.12 at 13:47:54 CST INFO  com.jlt.util.DriverUtil 40 <clinit> - 获取系统属性integritytech.test.browser，值为chrome
2019.11.12 at 13:47:54 CST INFO  com.jlt.util.DriverUtil 46 <clinit> - 获取配置文件中driver所在路径和文件名，值为D:\chromedriver_76.0.3809.68_win32\chromedriver.exe
2019.11.12 at 13:47:54 CST INFO  com.jlt.util.DriverUtil 65 <clinit> - driver服务已启动......
2019.11.12 at 14:58:26 CST INFO  com.jlt.util.DriverUtil 40 <clinit> - 获取系统属性integritytech.test.browser，值为chrome
2019.11.12 at 14:58:26 CST INFO  com.jlt.util.DriverUtil 46 <clinit> - 获取配置文件中driver所在路径和文件名，值为D:\chromedriver_76.0.3809.68_win32\chromedriver.exe
2019.11.12 at 14:58:27 CST INFO  com.jlt.util.DriverUtil 65 <clinit> - driver服务已启动......
2019.11.12 at 15:04:56 CST INFO  com.jlt.util.DriverUtil 40 <clinit> - 获取系统属性integritytech.test.browser，值为chrome
2019.11.12 at 15:04:56 CST INFO  com.jlt.util.DriverUtil 46 <clinit> - 获取配置文件中driver所在路径和文件名，值为D:\chromedriver_76.0.3809.68_win32\chromedriver.exe
2019.11.12 at 15:04:57 CST INFO  com.jlt.util.DriverUtil 65 <clinit> - driver服务已启动......
2019.11.12 at 15:25:59 CST INFO  com.jlt.util.DriverUtil 40 <clinit> - 获取系统属性integritytech.test.browser，值为chrome
2019.11.12 at 15:25:59 CST INFO  com.jlt.util.DriverUtil 46 <clinit> - 获取配置文件中driver所在路径和文件名，值为D:\chromedriver_76.0.3809.68_win32\chromedriver.exe
2019.11.12 at 15:25:59 CST INFO  com.jlt.util.DriverUtil 65 <clinit> - driver服务已启动......
2019.11.12 at 15:28:14 CST INFO  com.jlt.util.DriverUtil 40 <clinit> - 获取系统属性integritytech.test.browser，值为chrome
2019.11.12 at 15:28:14 CST INFO  com.jlt.util.DriverUtil 46 <clinit> - 获取配置文件中driver所在路径和文件名，值为D:\chromedriver_76.0.3809.68_win32\chromedriver.exe
2019.11.12 at 15:28:14 CST INFO  com.jlt.util.DriverUtil 65 <clinit> - driver服务已启动......
2019.11.12 at 15:28:59 CST INFO  com.jlt.util.DriverUtil 40 <clinit> - 获取系统属性integritytech.test.browser，值为chrome
2019.11.12 at 15:28:59 CST INFO  com.jlt.util.DriverUtil 46 <clinit> - 获取配置文件中driver所在路径和文件名，值为D:\chromedriver_76.0.3809.68_win32\chromedriver.exe
2019.11.12 at 15:29:00 CST INFO  com.jlt.util.DriverUtil 65 <clinit> - driver服务已启动......
2019.11.12 at 15:56:37 CST INFO  com.jlt.util.DriverUtil 40 <clinit> - 获取系统属性integritytech.test.browser，值为chrome
2019.11.12 at 15:56:37 CST INFO  com.jlt.util.DriverUtil 46 <clinit> - 获取配置文件中driver所在路径和文件名，值为D:\chromedriver_76.0.3809.68_win32\chromedriver.exe
2019.11.12 at 15:56:37 CST INFO  com.jlt.util.DriverUtil 65 <clinit> - driver服务已启动......
2019.11.12 at 16:17:25 CST INFO  com.jlt.util.DriverUtil 40 <clinit> - 获取系统属性integritytech.test.browser，值为chrome
2019.11.12 at 16:17:25 CST INFO  com.jlt.util.DriverUtil 46 <clinit> - 获取配置文件中driver所在路径和文件名，值为D:\chromedriver_76.0.3809.68_win32\chromedriver.exe
2019.11.12 at 16:17:26 CST INFO  com.jlt.util.DriverUtil 65 <clinit> - driver服务已启动......
2019.11.13 at 13:05:43 CST INFO  com.jlt.util.DriverUtil 40 <clinit> - 获取系统属性integritytech.test.browser，值为chrome
2019.11.13 at 13:05:43 CST INFO  com.jlt.util.DriverUtil 46 <clinit> - 获取配置文件中driver所在路径和文件名，值为D:\chromedriver_76.0.3809.68_win32\chromedriver.exe
2019.11.13 at 13:05:43 CST INFO  com.jlt.util.DriverUtil 65 <clinit> - driver服务已启动......
2019.11.13 at 13:09:49 CST INFO  com.jlt.util.DriverUtil 40 <clinit> - 获取系统属性integritytech.test.browser，值为chrome
2019.11.13 at 13:09:49 CST INFO  com.jlt.util.DriverUtil 46 <clinit> - 获取配置文件中driver所在路径和文件名，值为D:\chromedriver_76.0.3809.68_win32\chromedriver.exe
2019.11.13 at 13:09:49 CST INFO  com.jlt.util.DriverUtil 65 <clinit> - driver服务已启动......
2019.11.13 at 13:38:38 CST INFO  com.jlt.util.DriverUtil 40 <clinit> - 获取系统属性integritytech.test.browser，值为chrome
2019.11.13 at 13:38:38 CST INFO  com.jlt.util.DriverUtil 46 <clinit> - 获取配置文件中driver所在路径和文件名，值为D:\chromedriver_76.0.3809.68_win32\chromedriver.exe
2019.11.13 at 13:38:38 CST INFO  com.jlt.util.DriverUtil 65 <clinit> - driver服务已启动......
2019.11.13 at 14:09:26 CST INFO  com.jlt.util.DriverUtil 40 <clinit> - 获取系统属性integritytech.test.browser，值为chrome
2019.11.13 at 14:09:26 CST INFO  com.jlt.util.DriverUtil 46 <clinit> - 获取配置文件中driver所在路径和文件名，值为D:\chromedriver_76.0.3809.68_win32\chromedriver.exe
2019.11.13 at 14:09:27 CST INFO  com.jlt.util.DriverUtil 65 <clinit> - driver服务已启动......
2019.11.13 at 14:12:38 CST INFO  com.jlt.util.DriverUtil 40 <clinit> - 获取系统属性integritytech.test.browser，值为chrome
2019.11.13 at 14:12:38 CST INFO  com.jlt.util.DriverUtil 46 <clinit> - 获取配置文件中driver所在路径和文件名，值为D:\chromedriver_76.0.3809.68_win32\chromedriver.exe
2019.11.13 at 14:12:39 CST INFO  com.jlt.util.DriverUtil 65 <clinit> - driver服务已启动......
2019.11.13 at 14:14:34 CST INFO  com.jlt.util.DriverUtil 40 <clinit> - 获取系统属性integritytech.test.browser，值为chrome
2019.11.13 at 14:14:34 CST INFO  com.jlt.util.DriverUtil 46 <clinit> - 获取配置文件中driver所在路径和文件名，值为D:\chromedriver_76.0.3809.68_win32\chromedriver.exe
2019.11.13 at 14:14:34 CST INFO  com.jlt.util.DriverUtil 65 <clinit> - driver服务已启动......
2019.11.13 at 14:22:29 CST INFO  com.jlt.util.DriverUtil 40 <clinit> - 获取系统属性integritytech.test.browser，值为chrome
2019.11.13 at 14:22:29 CST INFO  com.jlt.util.DriverUtil 46 <clinit> - 获取配置文件中driver所在路径和文件名，值为D:\chromedriver_76.0.3809.68_win32\chromedriver.exe
2019.11.13 at 14:22:30 CST INFO  com.jlt.util.DriverUtil 65 <clinit> - driver服务已启动......
2019.11.13 at 14:27:57 CST INFO  com.jlt.util.DriverUtil 40 <clinit> - 获取系统属性integritytech.test.browser，值为chrome
2019.11.13 at 14:27:57 CST INFO  com.jlt.util.DriverUtil 46 <clinit> - 获取配置文件中driver所在路径和文件名，值为D:\chromedriver_76.0.3809.68_win32\chromedriver.exe
2019.11.13 at 14:27:57 CST INFO  com.jlt.util.DriverUtil 65 <clinit> - driver服务已启动......
2019.11.13 at 14:28:36 CST INFO  com.jlt.util.DriverUtil 40 <clinit> - 获取系统属性integritytech.test.browser，值为chrome
2019.11.13 at 14:28:37 CST INFO  com.jlt.util.DriverUtil 46 <clinit> - 获取配置文件中driver所在路径和文件名，值为D:\chromedriver_76.0.3809.68_win32\chromedriver.exe
2019.11.13 at 14:28:37 CST INFO  com.jlt.util.DriverUtil 65 <clinit> - driver服务已启动......
2019.11.13 at 14:30:34 CST INFO  com.jlt.util.DriverUtil 40 <clinit> - 获取系统属性integritytech.test.browser，值为chrome
2019.11.13 at 14:30:34 CST INFO  com.jlt.util.DriverUtil 46 <clinit> - 获取配置文件中driver所在路径和文件名，值为D:\chromedriver_76.0.3809.68_win32\chromedriver.exe
2019.11.13 at 14:30:34 CST INFO  com.jlt.util.DriverUtil 65 <clinit> - driver服务已启动......
2019.11.13 at 15:04:56 CST INFO  com.jlt.util.DriverUtil 40 <clinit> - 获取系统属性integritytech.test.browser，值为chrome
2019.11.13 at 15:04:56 CST INFO  com.jlt.util.DriverUtil 46 <clinit> - 获取配置文件中driver所在路径和文件名，值为D:\chromedriver_76.0.3809.68_win32\chromedriver.exe
2019.11.13 at 15:04:56 CST INFO  com.jlt.util.DriverUtil 65 <clinit> - driver服务已启动......
2019.11.13 at 15:06:26 CST INFO  com.jlt.util.DriverUtil 40 <clinit> - 获取系统属性integritytech.test.browser，值为chrome
2019.11.13 at 15:06:26 CST INFO  com.jlt.util.DriverUtil 46 <clinit> - 获取配置文件中driver所在路径和文件名，值为D:\chromedriver_76.0.3809.68_win32\chromedriver.exe
2019.11.13 at 15:06:26 CST INFO  com.jlt.util.DriverUtil 65 <clinit> - driver服务已启动......
2019.11.13 at 15:08:31 CST INFO  com.jlt.util.DriverUtil 40 <clinit> - 获取系统属性integritytech.test.browser，值为chrome
2019.11.13 at 15:08:31 CST INFO  com.jlt.util.DriverUtil 46 <clinit> - 获取配置文件中driver所在路径和文件名，值为D:\chromedriver_76.0.3809.68_win32\chromedriver.exe
2019.11.13 at 15:08:32 CST INFO  com.jlt.util.DriverUtil 65 <clinit> - driver服务已启动......
2019.11.14 at 16:21:15 CST INFO  com.paga.util.DriverUtil 40 <clinit> - 获取系统属性integritytech.test.browser，值为chrome
2019.11.14 at 16:21:15 CST INFO  com.paga.util.DriverUtil 46 <clinit> - 获取配置文件中driver所在路径和文件名，值为D:\chromedriver_76.0.3809.68_win32\chromedriver.exe
2019.11.14 at 16:21:16 CST INFO  com.paga.util.DriverUtil 65 <clinit> - driver服务已启动......
2019.11.14 at 16:23:43 CST INFO  com.paga.util.DriverUtil 40 <clinit> - 获取系统属性integritytech.test.browser，值为chrome
2019.11.14 at 16:23:43 CST INFO  com.paga.util.DriverUtil 46 <clinit> - 获取配置文件中driver所在路径和文件名，值为D:\chromedriver_76.0.3809.68_win32\chromedriver.exe
2019.11.14 at 16:23:43 CST INFO  com.paga.util.DriverUtil 65 <clinit> - driver服务已启动......
2019.11.14 at 16:24:09 CST INFO  com.paga.util.DriverUtil 40 <clinit> - 获取系统属性integritytech.test.browser，值为chrome
2019.11.14 at 16:24:09 CST INFO  com.paga.util.DriverUtil 46 <clinit> - 获取配置文件中driver所在路径和文件名，值为D:\chromedriver_76.0.3809.68_win32\chromedriver.exe
2019.11.14 at 16:24:09 CST INFO  com.paga.util.DriverUtil 65 <clinit> - driver服务已启动......
2019.11.15 at 17:08:37 CST INFO  com.paga.util.DriverUtil 40 <clinit> - 获取系统属性integritytech.test.browser，值为chrome
2019.11.15 at 17:08:37 CST INFO  com.paga.util.DriverUtil 46 <clinit> - 获取配置文件中driver所在路径和文件名，值为D:\chromedriver_76.0.3809.68_win32\chromedriver.exe
2019.11.15 at 17:08:38 CST INFO  com.paga.util.DriverUtil 65 <clinit> - driver服务已启动......
2019.11.18 at 09:31:40 CST INFO  com.paga.util.DriverUtil 40 <clinit> - 获取系统属性integritytech.test.browser，值为chrome
2019.11.18 at 09:31:40 CST INFO  com.paga.util.DriverUtil 46 <clinit> - 获取配置文件中driver所在路径和文件名，值为D:\chromedriver_76.0.3809.68_win32\chromedriver.exe
2019.11.18 at 09:31:41 CST INFO  com.paga.util.DriverUtil 65 <clinit> - driver服务已启动......
2019.11.18 at 09:53:49 CST INFO  com.paga.util.DriverUtil 40 <clinit> - 获取系统属性integritytech.test.browser，值为chrome
2019.11.18 at 09:53:49 CST INFO  com.paga.util.DriverUtil 46 <clinit> - 获取配置文件中driver所在路径和文件名，值为D:\chromedriver_76.0.3809.68_win32\chromedriver.exe
2019.11.18 at 09:53:50 CST INFO  com.paga.util.DriverUtil 65 <clinit> - driver服务已启动......
2019.11.18 at 09:57:18 CST INFO  com.paga.util.DriverUtil 40 <clinit> - 获取系统属性integritytech.test.browser，值为chrome
2019.11.18 at 09:57:18 CST INFO  com.paga.util.DriverUtil 46 <clinit> - 获取配置文件中driver所在路径和文件名，值为D:\chromedriver_76.0.3809.68_win32\chromedriver.exe
2019.11.18 at 09:57:18 CST INFO  com.paga.util.DriverUtil 65 <clinit> - driver服务已启动......
2019.11.18 at 10:18:19 CST INFO  com.paga.util.DriverUtil 40 <clinit> - 获取系统属性integritytech.test.browser，值为chrome
2019.11.18 at 10:18:19 CST INFO  com.paga.util.DriverUtil 46 <clinit> - 获取配置文件中driver所在路径和文件名，值为D:\chromedriver_76.0.3809.68_win32\chromedriver.exe
2019.11.18 at 10:18:19 CST INFO  com.paga.util.DriverUtil 65 <clinit> - driver服务已启动......
2019.11.18 at 10:24:14 CST INFO  com.paga.util.DriverUtil 40 <clinit> - 获取系统属性integritytech.test.browser，值为chrome
2019.11.18 at 10:24:14 CST INFO  com.paga.util.DriverUtil 46 <clinit> - 获取配置文件中driver所在路径和文件名，值为D:\chromedriver_76.0.3809.68_win32\chromedriver.exe
2019.11.18 at 10:24:14 CST INFO  com.paga.util.DriverUtil 65 <clinit> - driver服务已启动......
2019.11.18 at 10:25:13 CST INFO  com.paga.util.DriverUtil 40 <clinit> - 获取系统属性integritytech.test.browser，值为chrome
2019.11.18 at 10:25:13 CST INFO  com.paga.util.DriverUtil 46 <clinit> - 获取配置文件中driver所在路径和文件名，值为D:\chromedriver_76.0.3809.68_win32\chromedriver.exe
2019.11.18 at 10:25:13 CST INFO  com.paga.util.DriverUtil 65 <clinit> - driver服务已启动......
2019.11.18 at 10:47:27 CST INFO  com.paga.util.DriverUtil 40 <clinit> - 获取系统属性integritytech.test.browser，值为chrome
2019.11.18 at 10:47:27 CST INFO  com.paga.util.DriverUtil 46 <clinit> - 获取配置文件中driver所在路径和文件名，值为D:\chromedriver_76.0.3809.68_win32\chromedriver.exe
2019.11.18 at 10:47:27 CST INFO  com.paga.util.DriverUtil 65 <clinit> - driver服务已启动......
2019.11.18 at 10:48:07 CST INFO  com.paga.util.DriverUtil 40 <clinit> - 获取系统属性integritytech.test.browser，值为chrome
2019.11.18 at 10:48:07 CST INFO  com.paga.util.DriverUtil 46 <clinit> - 获取配置文件中driver所在路径和文件名，值为D:\chromedriver_76.0.3809.68_win32\chromedriver.exe
2019.11.18 at 10:48:07 CST INFO  com.paga.util.DriverUtil 65 <clinit> - driver服务已启动......
2019.11.18 at 10:56:29 CST INFO  com.paga.util.DriverUtil 40 <clinit> - 获取系统属性integritytech.test.browser，值为chrome
2019.11.18 at 10:56:29 CST INFO  com.paga.util.DriverUtil 46 <clinit> - 获取配置文件中driver所在路径和文件名，值为D:\chromedriver_76.0.3809.68_win32\chromedriver.exe
2019.11.18 at 10:56:29 CST INFO  com.paga.util.DriverUtil 65 <clinit> - driver服务已启动......
2019.11.18 at 10:57:07 CST INFO  com.paga.util.DriverUtil 40 <clinit> - 获取系统属性integritytech.test.browser，值为chrome
2019.11.18 at 10:57:07 CST INFO  com.paga.util.DriverUtil 46 <clinit> - 获取配置文件中driver所在路径和文件名，值为D:\chromedriver_76.0.3809.68_win32\chromedriver.exe
2019.11.18 at 10:57:07 CST INFO  com.paga.util.DriverUtil 65 <clinit> - driver服务已启动......
2019.11.18 at 11:04:23 CST INFO  com.paga.util.DriverUtil 40 <clinit> - 获取系统属性integritytech.test.browser，值为chrome
2019.11.18 at 11:04:23 CST INFO  com.paga.util.DriverUtil 46 <clinit> - 获取配置文件中driver所在路径和文件名，值为D:\chromedriver_76.0.3809.68_win32\chromedriver.exe
2019.11.18 at 11:04:24 CST INFO  com.paga.util.DriverUtil 65 <clinit> - driver服务已启动......
2019.11.18 at 11:05:08 CST INFO  com.paga.util.DriverUtil 40 <clinit> - 获取系统属性integritytech.test.browser，值为chrome
2019.11.18 at 11:05:08 CST INFO  com.paga.util.DriverUtil 46 <clinit> - 获取配置文件中driver所在路径和文件名，值为D:\chromedriver_76.0.3809.68_win32\chromedriver.exe
2019.11.18 at 11:05:09 CST INFO  com.paga.util.DriverUtil 65 <clinit> - driver服务已启动......
2019.11.18 at 11:07:10 CST INFO  com.paga.util.DriverUtil 40 <clinit> - 获取系统属性integritytech.test.browser，值为chrome
2019.11.18 at 11:07:10 CST INFO  com.paga.util.DriverUtil 46 <clinit> - 获取配置文件中driver所在路径和文件名，值为D:\chromedriver_76.0.3809.68_win32\chromedriver.exe
2019.11.18 at 11:07:10 CST INFO  com.paga.util.DriverUtil 65 <clinit> - driver服务已启动......
2019.11.18 at 11:27:06 CST INFO  com.paga.util.DriverUtil 40 <clinit> - 获取系统属性integritytech.test.browser，值为chrome
2019.11.18 at 11:27:06 CST INFO  com.paga.util.DriverUtil 46 <clinit> - 获取配置文件中driver所在路径和文件名，值为D:\chromedriver_76.0.3809.68_win32\chromedriver.exe
2019.11.18 at 11:27:06 CST INFO  com.paga.util.DriverUtil 65 <clinit> - driver服务已启动......
2019.11.18 at 16:34:26 CST INFO  com.paga.util.DriverUtil 40 <clinit> - 获取系统属性integritytech.test.browser，值为chrome
2019.11.18 at 16:34:26 CST INFO  com.paga.util.DriverUtil 46 <clinit> - 获取配置文件中driver所在路径和文件名，值为D:\chromedriver_76.0.3809.68_win32\chromedriver.exe
2019.11.18 at 16:34:27 CST INFO  com.paga.util.DriverUtil 65 <clinit> - driver服务已启动......
2019.11.19 at 10:44:11 CST INFO  com.paga.util.DriverUtil 40 <clinit> - 获取系统属性integritytech.test.browser，值为chrome
2019.11.19 at 10:44:11 CST INFO  com.paga.util.DriverUtil 46 <clinit> - 获取配置文件中driver所在路径和文件名，值为D:\chromedriver_76.0.3809.68_win32\chromedriver.exe
2019.11.19 at 10:44:11 CST INFO  com.paga.util.DriverUtil 65 <clinit> - driver服务已启动......
2019.11.19 at 10:50:59 CST INFO  com.paga.util.DriverUtil 40 <clinit> - 获取系统属性integritytech.test.browser，值为chrome
2019.11.19 at 10:50:59 CST INFO  com.paga.util.DriverUtil 46 <clinit> - 获取配置文件中driver所在路径和文件名，值为D:\chromedriver_76.0.3809.68_win32\chromedriver.exe
2019.11.19 at 10:51:00 CST INFO  com.paga.util.DriverUtil 65 <clinit> - driver服务已启动......
2019.11.19 at 10:55:30 CST INFO  com.paga.util.DriverUtil 40 <clinit> - 获取系统属性integritytech.test.browser，值为chrome
2019.11.19 at 10:55:30 CST INFO  com.paga.util.DriverUtil 46 <clinit> - 获取配置文件中driver所在路径和文件名，值为D:\chromedriver_76.0.3809.68_win32\chromedriver.exe
2019.11.19 at 10:55:31 CST INFO  com.paga.util.DriverUtil 65 <clinit> - driver服务已启动......
2019.11.19 at 13:27:12 CST INFO  com.paga.util.DriverUtil 40 <clinit> - 获取系统属性integritytech.test.browser，值为chrome
2019.11.19 at 13:27:12 CST INFO  com.paga.util.DriverUtil 46 <clinit> - 获取配置文件中driver所在路径和文件名，值为D:\chromedriver_76.0.3809.68_win32\chromedriver.exe
2019.11.19 at 13:27:13 CST INFO  com.paga.util.DriverUtil 65 <clinit> - driver服务已启动......
2019.11.19 at 13:59:38 CST INFO  com.paga.util.DriverUtil 40 <clinit> - 获取系统属性integritytech.test.browser，值为chrome
2019.11.19 at 13:59:38 CST INFO  com.paga.util.DriverUtil 46 <clinit> - 获取配置文件中driver所在路径和文件名，值为D:\chromedriver_76.0.3809.68_win32\chromedriver.exe
2019.11.19 at 13:59:38 CST INFO  com.paga.util.DriverUtil 65 <clinit> - driver服务已启动......
2019.11.19 at 15:32:11 CST INFO  com.paga.util.DriverUtil 40 <clinit> - 获取系统属性integritytech.test.browser，值为chrome
2019.11.19 at 15:32:11 CST INFO  com.paga.util.DriverUtil 46 <clinit> - 获取配置文件中driver所在路径和文件名，值为D:\chromedriver_76.0.3809.68_win32\chromedriver.exe
2019.11.19 at 15:32:11 CST INFO  com.paga.util.DriverUtil 65 <clinit> - driver服务已启动......
2019.11.19 at 15:34:18 CST INFO  com.paga.util.DriverUtil 40 <clinit> - 获取系统属性integritytech.test.browser，值为chrome
2019.11.19 at 15:34:18 CST INFO  com.paga.util.DriverUtil 46 <clinit> - 获取配置文件中driver所在路径和文件名，值为D:\chromedriver_76.0.3809.68_win32\chromedriver.exe
2019.11.19 at 15:34:18 CST INFO  com.paga.util.DriverUtil 65 <clinit> - driver服务已启动......
2019.11.19 at 15:41:41 CST INFO  com.paga.util.DriverUtil 40 <clinit> - 获取系统属性integritytech.test.browser，值为chrome
2019.11.19 at 15:41:41 CST INFO  com.paga.util.DriverUtil 46 <clinit> - 获取配置文件中driver所在路径和文件名，值为D:\chromedriver_76.0.3809.68_win32\chromedriver.exe
2019.11.19 at 15:41:41 CST INFO  com.paga.util.DriverUtil 65 <clinit> - driver服务已启动......
2019.11.19 at 16:36:05 CST INFO  com.paga.util.DriverUtil 40 <clinit> - 获取系统属性integritytech.test.browser，值为chrome
2019.11.19 at 16:36:05 CST INFO  com.paga.util.DriverUtil 46 <clinit> - 获取配置文件中driver所在路径和文件名，值为D:\chromedriver_76.0.3809.68_win32\chromedriver.exe
2019.11.19 at 16:36:05 CST INFO  com.paga.util.DriverUtil 65 <clinit> - driver服务已启动......
2019.11.19 at 17:42:10 CST INFO  com.paga.util.DriverUtil 40 <clinit> - 获取系统属性integritytech.test.browser，值为chrome
2019.11.19 at 17:42:10 CST INFO  com.paga.util.DriverUtil 46 <clinit> - 获取配置文件中driver所在路径和文件名，值为D:\chromedriver_76.0.3809.68_win32\chromedriver.exe
2019.11.19 at 17:42:10 CST INFO  com.paga.util.DriverUtil 65 <clinit> - driver服务已启动......
2019.11.21 at 13:00:07 CST INFO  com.paga.util.DriverUtil 40 <clinit> - 获取系统属性integritytech.test.browser，值为chrome
2019.11.21 at 13:00:07 CST INFO  com.paga.util.DriverUtil 46 <clinit> - 获取配置文件中driver所在路径和文件名，值为D:\chromedriver_76.0.3809.68_win32\chromedriver.exe
2019.11.21 at 13:00:08 CST INFO  com.paga.util.DriverUtil 65 <clinit> - driver服务已启动......
2019.11.21 at 13:49:57 CST INFO  com.paga.util.DriverUtil 40 <clinit> - 获取系统属性integritytech.test.browser，值为chrome
2019.11.21 at 13:49:57 CST INFO  com.paga.util.DriverUtil 46 <clinit> - 获取配置文件中driver所在路径和文件名，值为D:\chromedriver_76.0.3809.68_win32\chromedriver.exe
2019.11.21 at 13:49:57 CST INFO  com.paga.util.DriverUtil 65 <clinit> - driver服务已启动......
